{"/home/travis/build/npmtest/node-npmtest-stylestats/test.js":{"path":"/home/travis/build/npmtest/node-npmtest-stylestats/test.js","s":{"1":2,"2":2,"3":2,"4":2,"5":2,"6":2,"7":2,"8":1,"9":2,"10":2,"11":1,"12":1,"13":1,"14":1,"15":2,"16":2,"17":2,"18":2,"19":1,"20":1,"21":2,"22":2,"23":2,"24":1,"25":1,"26":1,"27":1,"28":1,"29":1,"30":1,"31":1,"32":1,"33":1,"34":1,"35":1,"36":1,"37":2,"38":2,"39":1,"40":2,"41":2,"42":1,"43":2,"44":2,"45":1,"46":2,"47":2,"48":1,"49":1,"50":1,"51":1,"52":1},"b":{"1":[2,1,1,1],"2":[1,1,1,1],"3":[1,1],"4":[1,1],"5":[1,1],"6":[1,1],"7":[1,1],"8":[1,1],"9":[1,1,1],"10":[1,1],"11":[1,1],"12":[1,1],"13":[1,1],"14":[1,1],"15":[1,1],"16":[1,1]},"f":{"1":2,"2":2,"3":2,"4":2,"5":2,"6":1,"7":1,"8":2,"9":2,"10":2,"11":2,"12":1},"fnMap":{"1":{"name":"(anonymous_1)","line":12,"loc":{"start":{"line":12,"column":1},"end":{"line":12,"column":13}}},"2":{"name":"(anonymous_2)","line":19,"loc":{"start":{"line":19,"column":5},"end":{"line":19,"column":17}}},"3":{"name":"(anonymous_3)","line":23,"loc":{"start":{"line":23,"column":24},"end":{"line":23,"column":36}}},"4":{"name":"(anonymous_4)","line":61,"loc":{"start":{"line":61,"column":5},"end":{"line":61,"column":17}}},"5":{"name":"(anonymous_5)","line":82,"loc":{"start":{"line":82,"column":5},"end":{"line":82,"column":17}}},"6":{"name":"(anonymous_6)","line":102,"loc":{"start":{"line":102,"column":83},"end":{"line":105,"column":10}},"skip":true},"7":{"name":"(anonymous_7)","line":113,"loc":{"start":{"line":113,"column":77},"end":{"line":116,"column":10}},"skip":true},"8":{"name":"(anonymous_8)","line":129,"loc":{"start":{"line":129,"column":12},"end":{"line":129,"column":40}},"skip":true},"9":{"name":"(anonymous_9)","line":137,"loc":{"start":{"line":137,"column":77},"end":{"line":140,"column":10}},"skip":true},"10":{"name":"(anonymous_10)","line":148,"loc":{"start":{"line":148,"column":83},"end":{"line":151,"column":10}},"skip":true},"11":{"name":"(anonymous_11)","line":159,"loc":{"start":{"line":159,"column":79},"end":{"line":162,"column":10}},"skip":true},"12":{"name":"(anonymous_12)","line":170,"loc":{"start":{"line":170,"column":75},"end":{"line":173,"column":10}},"skip":true}},"statementMap":{"1":{"start":{"line":12,"column":0},"end":{"line":185,"column":5}},"2":{"start":{"line":14,"column":4},"end":{"line":14,"column":14}},"3":{"start":{"line":19,"column":4},"end":{"line":56,"column":9}},"4":{"start":{"line":21,"column":8},"end":{"line":21,"column":19}},"5":{"start":{"line":23,"column":8},"end":{"line":35,"column":13}},"6":{"start":{"line":24,"column":12},"end":{"line":34,"column":13}},"7":{"start":{"line":25,"column":16},"end":{"line":28,"column":30}},"8":{"start":{"line":30,"column":16},"end":{"line":33,"column":27}},"9":{"start":{"line":37,"column":8},"end":{"line":39,"column":21}},"10":{"start":{"line":40,"column":8},"end":{"line":53,"column":9}},"11":{"start":{"line":43,"column":12},"end":{"line":46,"column":14}},"12":{"start":{"line":47,"column":12},"end":{"line":47,"column":18}},"13":{"start":{"line":50,"column":12},"end":{"line":51,"column":46}},"14":{"start":{"line":52,"column":12},"end":{"line":52,"column":18}},"15":{"start":{"line":55,"column":8},"end":{"line":55,"column":35}},"16":{"start":{"line":61,"column":4},"end":{"line":63,"column":9}},"17":{"start":{"line":62,"column":8},"end":{"line":62,"column":15}},"18":{"start":{"line":64,"column":4},"end":{"line":77,"column":5}},"19":{"start":{"line":70,"column":8},"end":{"line":70,"column":14}},"20":{"start":{"line":76,"column":8},"end":{"line":76,"column":14}},"21":{"start":{"line":82,"column":4},"end":{"line":84,"column":9}},"22":{"start":{"line":83,"column":8},"end":{"line":83,"column":15}},"23":{"start":{"line":85,"column":4},"end":{"line":184,"column":5}},"24":{"start":{"line":92,"column":8},"end":{"line":94,"column":63}},"25":{"start":{"line":95,"column":8},"end":{"line":95,"column":14}},"26":{"start":{"line":102,"column":8},"end":{"line":111,"column":10},"skip":true},"27":{"start":{"line":109,"column":12},"end":{"line":109,"column":55},"skip":true},"28":{"start":{"line":110,"column":12},"end":{"line":110,"column":48},"skip":true},"29":{"start":{"line":113,"column":8},"end":{"line":126,"column":10},"skip":true},"30":{"start":{"line":120,"column":12},"end":{"line":120,"column":76},"skip":true},"31":{"start":{"line":121,"column":12},"end":{"line":121,"column":73},"skip":true},"32":{"start":{"line":122,"column":12},"end":{"line":122,"column":74},"skip":true},"33":{"start":{"line":123,"column":12},"end":{"line":123,"column":79},"skip":true},"34":{"start":{"line":124,"column":12},"end":{"line":124,"column":25},"skip":true},"35":{"start":{"line":125,"column":12},"end":{"line":125,"column":45},"skip":true},"36":{"start":{"line":128,"column":8},"end":{"line":135,"column":14},"skip":true},"37":{"start":{"line":133,"column":16},"end":{"line":133,"column":29},"skip":true},"38":{"start":{"line":134,"column":16},"end":{"line":134,"column":55},"skip":true},"39":{"start":{"line":137,"column":8},"end":{"line":146,"column":10},"skip":true},"40":{"start":{"line":144,"column":12},"end":{"line":144,"column":25},"skip":true},"41":{"start":{"line":145,"column":12},"end":{"line":145,"column":45},"skip":true},"42":{"start":{"line":148,"column":8},"end":{"line":157,"column":10},"skip":true},"43":{"start":{"line":155,"column":12},"end":{"line":155,"column":25},"skip":true},"44":{"start":{"line":156,"column":12},"end":{"line":156,"column":48},"skip":true},"45":{"start":{"line":159,"column":8},"end":{"line":168,"column":10},"skip":true},"46":{"start":{"line":166,"column":12},"end":{"line":166,"column":25},"skip":true},"47":{"start":{"line":167,"column":12},"end":{"line":167,"column":46},"skip":true},"48":{"start":{"line":170,"column":8},"end":{"line":179,"column":10},"skip":true},"49":{"start":{"line":177,"column":12},"end":{"line":177,"column":94},"skip":true},"50":{"start":{"line":178,"column":12},"end":{"line":178,"column":48},"skip":true},"51":{"start":{"line":182,"column":8},"end":{"line":182,"column":35},"skip":true},"52":{"start":{"line":183,"column":8},"end":{"line":183,"column":14},"skip":true}},"branchMap":{"1":{"line":25,"type":"binary-expr","locations":[{"start":{"line":25,"column":23},"end":{"line":25,"column":62}},{"start":{"line":26,"column":20},"end":{"line":26,"column":70}},{"start":{"line":27,"column":20},"end":{"line":27,"column":71}},{"start":{"line":28,"column":20},"end":{"line":28,"column":29}}]},"2":{"line":30,"type":"binary-expr","locations":[{"start":{"line":30,"column":23},"end":{"line":30,"column":37}},{"start":{"line":31,"column":20},"end":{"line":31,"column":61}},{"start":{"line":32,"column":20},"end":{"line":32,"column":70}},{"start":{"line":33,"column":20},"end":{"line":33,"column":26}}]},"3":{"line":37,"type":"cond-expr","locations":[{"start":{"line":38,"column":14},"end":{"line":38,"column":20}},{"start":{"line":39,"column":14},"end":{"line":39,"column":20}}]},"4":{"line":40,"type":"switch","locations":[{"start":{"line":42,"column":8},"end":{"line":47,"column":18}},{"start":{"line":49,"column":8},"end":{"line":52,"column":18}}]},"5":{"line":44,"type":"binary-expr","locations":[{"start":{"line":44,"column":16},"end":{"line":44,"column":44}},{"start":{"line":44,"column":48},"end":{"line":44,"column":66}}]},"6":{"line":50,"type":"binary-expr","locations":[{"start":{"line":50,"column":21},"end":{"line":50,"column":49}},{"start":{"line":50,"column":53},"end":{"line":50,"column":72}}]},"7":{"line":64,"type":"switch","locations":[{"start":{"line":69,"column":4},"end":{"line":70,"column":14}},{"start":{"line":75,"column":4},"end":{"line":76,"column":14}}]},"8":{"line":85,"type":"switch","locations":[{"start":{"line":90,"column":4},"end":{"line":95,"column":14}},{"start":{"line":101,"column":4},"end":{"line":183,"column":14},"skip":true}]},"9":{"line":92,"type":"binary-expr","locations":[{"start":{"line":92,"column":18},"end":{"line":92,"column":32}},{"start":{"line":93,"column":12},"end":{"line":93,"column":53}},{"start":{"line":94,"column":12},"end":{"line":94,"column":61}}]},"10":{"line":102,"type":"binary-expr","locations":[{"start":{"line":102,"column":45},"end":{"line":102,"column":79},"skip":true},{"start":{"line":102,"column":83},"end":{"line":111,"column":9},"skip":true}]},"11":{"line":113,"type":"binary-expr","locations":[{"start":{"line":113,"column":42},"end":{"line":113,"column":73},"skip":true},{"start":{"line":113,"column":77},"end":{"line":126,"column":9},"skip":true}]},"12":{"line":128,"type":"binary-expr","locations":[{"start":{"line":128,"column":48},"end":{"line":128,"column":85},"skip":true},{"start":{"line":129,"column":12},"end":{"line":135,"column":13},"skip":true}]},"13":{"line":137,"type":"binary-expr","locations":[{"start":{"line":137,"column":42},"end":{"line":137,"column":73},"skip":true},{"start":{"line":137,"column":77},"end":{"line":146,"column":9},"skip":true}]},"14":{"line":148,"type":"binary-expr","locations":[{"start":{"line":148,"column":45},"end":{"line":148,"column":79},"skip":true},{"start":{"line":148,"column":83},"end":{"line":157,"column":9},"skip":true}]},"15":{"line":159,"type":"binary-expr","locations":[{"start":{"line":159,"column":43},"end":{"line":159,"column":75},"skip":true},{"start":{"line":159,"column":79},"end":{"line":168,"column":9},"skip":true}]},"16":{"line":170,"type":"binary-expr","locations":[{"start":{"line":170,"column":41},"end":{"line":170,"column":71},"skip":true},{"start":{"line":170,"column":75},"end":{"line":179,"column":9},"skip":true}]}},"code":["/* istanbul instrument in package npmtest_stylestats */","/*jslint","    bitwise: true,","    browser: true,","    maxerr: 8,","    maxlen: 96,","    node: true,","    nomen: true,","    regexp: true,","    stupid: true","*/","(function () {","    'use strict';","    var local;","","","","    // run shared js-env code - pre-init","    (function () {","        // init local","        local = {};","        // init modeJs","        local.modeJs = (function () {","            try {","                return typeof navigator.userAgent === 'string' &&","                    typeof document.querySelector('body') === 'object' &&","                    typeof XMLHttpRequest.prototype.open === 'function' &&","                    'browser';","            } catch (errorCaughtBrowser) {","                return module.exports &&","                    typeof process.versions.node === 'string' &&","                    typeof require('http').createServer === 'function' &&","                    'node';","            }","        }());","        // init global","        local.global = local.modeJs === 'browser'","            ? window","            : global;","        switch (local.modeJs) {","        // re-init local from window.local","        case 'browser':","            local = local.global.utility2.objectSetDefault(","                local.global.utility2_rollup || local.global.local,","                local.global.utility2","            );","            break;","        // re-init local from example.js","        case 'node':","            local = (local.global.utility2_rollup || require('utility2'))","                .requireExampleJsFromReadme();","            break;","        }","        // export local","        local.global.local = local;","    }());","","","","    // run shared js-env code - function","    (function () {","        return;","    }());","    switch (local.modeJs) {","","","","    // run browser js-env code - function","    case 'browser':","        break;","","","","    // run node js-env code - function","    case 'node':","        break;","    }","","","","    // run shared js-env code - post-init","    (function () {","        return;","    }());","    switch (local.modeJs) {","","","","    // run browser js-env code - post-init","    case 'browser':","        // run tests","        local.nop(local.modeTest &&","            document.querySelector('#testRunButton1') &&","            document.querySelector('#testRunButton1').click());","        break;","","","","    // run node js-env code - post-init","    /* istanbul ignore next */","    case 'node':","        local.testCase_buildApidoc_default = local.testCase_buildApidoc_default || function (","            options,","            onError","        ) {","        /*","         * this function will test buildApidoc's default handling-behavior-behavior","         */","            options = { modulePathList: module.paths };","            local.buildApidoc(options, onError);","        };","","        local.testCase_buildApp_default = local.testCase_buildApp_default || function (","            options,","            onError","        ) {","        /*","         * this function will test buildApp's default handling-behavior-behavior","         */","            local.testCase_buildReadme_default(options, local.onErrorThrow);","            local.testCase_buildLib_default(options, local.onErrorThrow);","            local.testCase_buildTest_default(options, local.onErrorThrow);","            local.testCase_buildCustomOrg_default(options, local.onErrorThrow);","            options = [];","            local.buildApp(options, onError);","        };","","        local.testCase_buildCustomOrg_default = local.testCase_buildCustomOrg_default ||","            function (options, onError) {","            /*","             * this function will test buildCustomOrg's default handling-behavior","             */","                options = {};","                local.buildCustomOrg(options, onError);","            };","","        local.testCase_buildLib_default = local.testCase_buildLib_default || function (","            options,","            onError","        ) {","        /*","         * this function will test buildLib's default handling-behavior","         */","            options = {};","            local.buildLib(options, onError);","        };","","        local.testCase_buildReadme_default = local.testCase_buildReadme_default || function (","            options,","            onError","        ) {","        /*","         * this function will test buildReadme's default handling-behavior-behavior","         */","            options = {};","            local.buildReadme(options, onError);","        };","","        local.testCase_buildTest_default = local.testCase_buildTest_default || function (","            options,","            onError","        ) {","        /*","         * this function will test buildTest's default handling-behavior","         */","            options = {};","            local.buildTest(options, onError);","        };","","        local.testCase_webpage_default = local.testCase_webpage_default || function (","            options,","            onError","        ) {","        /*","         * this function will test webpage's default handling-behavior","         */","            options = { modeCoverageMerge: true, url: local.serverLocalHost + '?modeTest=1' };","            local.browserTest(options, onError);","        };","","        // run test-server","        local.testRunServer(local);","        break;","    }","}());",""],"l":{"12":2,"14":2,"19":2,"21":2,"23":2,"24":2,"25":2,"30":1,"37":2,"40":2,"43":1,"47":1,"50":1,"52":1,"55":2,"61":2,"62":2,"64":2,"70":1,"76":1,"82":2,"83":2,"85":2,"92":1,"95":1,"102":1,"109":1,"110":1,"113":1,"120":1,"121":1,"122":1,"123":1,"124":1,"125":1,"128":1,"133":2,"134":2,"137":1,"144":2,"145":2,"148":1,"155":2,"156":2,"159":1,"166":2,"167":2,"170":1,"177":1,"178":1,"182":1,"183":1}},"/home/travis/build/npmtest/node-npmtest-stylestats/lib.npmtest_stylestats.js":{"path":"/home/travis/build/npmtest/node-npmtest-stylestats/lib.npmtest_stylestats.js","s":{"1":2,"2":2,"3":2,"4":2,"5":2,"6":2,"7":2,"8":1,"9":2,"10":2,"11":2,"12":2,"13":1,"14":1,"15":1,"16":1},"b":{"1":[2,1,1,1],"2":[1,1,1,1],"3":[1,1],"4":[2,2],"5":[1,1]},"f":{"1":2,"2":2,"3":2},"fnMap":{"1":{"name":"(anonymous_1)","line":12,"loc":{"start":{"line":12,"column":1},"end":{"line":12,"column":13}}},"2":{"name":"(anonymous_2)","line":19,"loc":{"start":{"line":19,"column":5},"end":{"line":19,"column":17}}},"3":{"name":"(anonymous_3)","line":23,"loc":{"start":{"line":23,"column":24},"end":{"line":23,"column":36}}}},"statementMap":{"1":{"start":{"line":12,"column":0},"end":{"line":53,"column":5}},"2":{"start":{"line":14,"column":4},"end":{"line":14,"column":14}},"3":{"start":{"line":19,"column":4},"end":{"line":52,"column":9}},"4":{"start":{"line":21,"column":8},"end":{"line":21,"column":19}},"5":{"start":{"line":23,"column":8},"end":{"line":35,"column":13}},"6":{"start":{"line":24,"column":12},"end":{"line":34,"column":13}},"7":{"start":{"line":25,"column":16},"end":{"line":28,"column":30}},"8":{"start":{"line":30,"column":16},"end":{"line":33,"column":27}},"9":{"start":{"line":37,"column":8},"end":{"line":39,"column":21}},"10":{"start":{"line":41,"column":8},"end":{"line":41,"column":54}},"11":{"start":{"line":43,"column":8},"end":{"line":43,"column":55}},"12":{"start":{"line":45,"column":8},"end":{"line":51,"column":9}},"13":{"start":{"line":46,"column":12},"end":{"line":46,"column":61}},"14":{"start":{"line":48,"column":12},"end":{"line":48,"column":35}},"15":{"start":{"line":49,"column":12},"end":{"line":49,"column":49}},"16":{"start":{"line":50,"column":12},"end":{"line":50,"column":43}}},"branchMap":{"1":{"line":25,"type":"binary-expr","locations":[{"start":{"line":25,"column":23},"end":{"line":25,"column":62}},{"start":{"line":26,"column":20},"end":{"line":26,"column":70}},{"start":{"line":27,"column":20},"end":{"line":27,"column":71}},{"start":{"line":28,"column":20},"end":{"line":28,"column":29}}]},"2":{"line":30,"type":"binary-expr","locations":[{"start":{"line":30,"column":23},"end":{"line":30,"column":37}},{"start":{"line":31,"column":20},"end":{"line":31,"column":61}},{"start":{"line":32,"column":20},"end":{"line":32,"column":70}},{"start":{"line":33,"column":20},"end":{"line":33,"column":26}}]},"3":{"line":37,"type":"cond-expr","locations":[{"start":{"line":38,"column":14},"end":{"line":38,"column":20}},{"start":{"line":39,"column":14},"end":{"line":39,"column":20}}]},"4":{"line":41,"type":"binary-expr","locations":[{"start":{"line":41,"column":16},"end":{"line":41,"column":44}},{"start":{"line":41,"column":48},"end":{"line":41,"column":53}}]},"5":{"line":45,"type":"if","locations":[{"start":{"line":45,"column":8},"end":{"line":45,"column":8}},{"start":{"line":45,"column":8},"end":{"line":45,"column":8}}]}},"code":["/* istanbul instrument in package npmtest_stylestats */","/*jslint","    bitwise: true,","    browser: true,","    maxerr: 8,","    maxlen: 96,","    node: true,","    nomen: true,","    regexp: true,","    stupid: true","*/","(function () {","    'use strict';","    var local;","","","","    // run shared js-env code - pre-init","    (function () {","        // init local","        local = {};","        // init modeJs","        local.modeJs = (function () {","            try {","                return typeof navigator.userAgent === 'string' &&","                    typeof document.querySelector('body') === 'object' &&","                    typeof XMLHttpRequest.prototype.open === 'function' &&","                    'browser';","            } catch (errorCaughtBrowser) {","                return module.exports &&","                    typeof process.versions.node === 'string' &&","                    typeof require('http').createServer === 'function' &&","                    'node';","            }","        }());","        // init global","        local.global = local.modeJs === 'browser'","            ? window","            : global;","        // init utility2_rollup","        local = local.global.utility2_rollup || local;","        // init lib","        local.local = local.npmtest_stylestats = local;","        // init exports","        if (local.modeJs === 'browser') {","            local.global.utility2_npmtest_stylestats = local;","        } else {","            module.exports = local;","            module.exports.__dirname = __dirname;","            module.exports.module = module;","        }","    }());","}());",""],"l":{"12":2,"14":2,"19":2,"21":2,"23":2,"24":2,"25":2,"30":1,"37":2,"41":2,"43":2,"45":2,"46":1,"48":1,"49":1,"50":1}},"/home/travis/build/npmtest/node-npmtest-stylestats/example.js":{"path":"/home/travis/build/npmtest/node-npmtest-stylestats/example.js","s":{"1":2,"2":2,"3":2,"4":2,"5":2,"6":2,"7":2,"8":1,"9":2,"10":2,"11":2,"12":2,"13":1,"14":2,"15":2,"16":2,"17":2,"18":2,"19":0,"20":2,"21":1,"22":1,"23":1,"24":1,"25":1,"26":0,"27":0,"28":1,"29":1,"30":2,"31":0,"32":0,"33":0,"34":1,"35":2,"36":2,"37":2,"38":2,"39":2,"40":2,"41":0,"42":2,"43":2,"44":2,"45":1,"46":3,"47":1,"48":1,"49":1,"50":1,"51":1,"52":1,"53":1,"54":1,"55":1,"56":1,"57":0,"58":1,"59":6,"60":6,"61":1,"62":2,"63":0,"64":2,"65":1,"66":1,"67":0,"68":0,"69":0,"70":0,"71":0,"72":0,"73":0,"74":0,"75":0,"76":0,"77":0,"78":0,"79":0,"80":0,"81":0,"82":0,"83":0},"b":{"1":[2,1,1,1],"2":[1,1,1,1],"3":[1,1],"4":[2,2],"5":[1,1],"6":[1,1],"7":[2,0],"8":[2,1,1,1,1,1],"9":[0,2,0],"10":[1,1],"11":[2,1,1],"12":[1,0],"13":[0,2],"14":[2,0,0,0,0,0,0],"15":[0,2],"16":[2,0],"17":[1,1],"18":[0,1],"19":[1,2,0,2],"20":[1,0],"21":[1,1],"22":[0,0],"23":[0,0],"24":[0,0],"25":[0,0],"26":[0,0],"27":[0,0],"28":[0,0]},"f":{"1":2,"2":2,"3":2,"4":2,"5":2,"6":2,"7":2,"8":2,"9":3,"10":1,"11":6,"12":0},"fnMap":{"1":{"name":"(anonymous_1)","line":26,"loc":{"start":{"line":26,"column":1},"end":{"line":26,"column":13}}},"2":{"name":"(anonymous_2)","line":33,"loc":{"start":{"line":33,"column":5},"end":{"line":33,"column":17}}},"3":{"name":"(anonymous_3)","line":37,"loc":{"start":{"line":37,"column":24},"end":{"line":37,"column":36}}},"4":{"name":"(anonymous_4)","line":69,"loc":{"start":{"line":69,"column":31},"end":{"line":69,"column":48}},"skip":true},"5":{"name":"(anonymous_5)","line":78,"loc":{"start":{"line":78,"column":26},"end":{"line":78,"column":45}},"skip":true},"6":{"name":"(anonymous_6)","line":123,"loc":{"start":{"line":123,"column":33},"end":{"line":123,"column":48}},"skip":true},"7":{"name":"(anonymous_7)","line":125,"loc":{"start":{"line":125,"column":27},"end":{"line":125,"column":39}},"skip":true},"8":{"name":"(anonymous_8)","line":133,"loc":{"start":{"line":133,"column":59},"end":{"line":133,"column":74}},"skip":true},"9":{"name":"(anonymous_9)","line":143,"loc":{"start":{"line":143,"column":45},"end":{"line":143,"column":62}},"skip":true},"10":{"name":"(anonymous_10)","line":144,"loc":{"start":{"line":144,"column":73},"end":{"line":144,"column":92}},"skip":true},"11":{"name":"(anonymous_11)","line":272,"loc":{"start":{"line":272,"column":51},"end":{"line":272,"column":77}},"skip":true},"12":{"name":"(anonymous_12)","line":314,"loc":{"start":{"line":314,"column":32},"end":{"line":314,"column":61}},"skip":true}},"statementMap":{"1":{"start":{"line":26,"column":0},"end":{"line":325,"column":5}},"2":{"start":{"line":28,"column":4},"end":{"line":28,"column":14}},"3":{"start":{"line":33,"column":4},"end":{"line":60,"column":9}},"4":{"start":{"line":35,"column":8},"end":{"line":35,"column":19}},"5":{"start":{"line":37,"column":8},"end":{"line":49,"column":13}},"6":{"start":{"line":38,"column":12},"end":{"line":48,"column":13}},"7":{"start":{"line":39,"column":16},"end":{"line":42,"column":30}},"8":{"start":{"line":44,"column":16},"end":{"line":47,"column":27}},"9":{"start":{"line":51,"column":8},"end":{"line":53,"column":21}},"10":{"start":{"line":55,"column":8},"end":{"line":57,"column":45}},"11":{"start":{"line":59,"column":8},"end":{"line":59,"column":35}},"12":{"start":{"line":61,"column":4},"end":{"line":324,"column":5}},"13":{"start":{"line":69,"column":8},"end":{"line":121,"column":10},"skip":true},"14":{"start":{"line":70,"column":12},"end":{"line":88,"column":13},"skip":true},"15":{"start":{"line":76,"column":16},"end":{"line":87,"column":19},"skip":true},"16":{"start":{"line":79,"column":20},"end":{"line":86,"column":21},"skip":true},"17":{"start":{"line":82,"column":24},"end":{"line":82,"column":43},"skip":true},"18":{"start":{"line":83,"column":24},"end":{"line":83,"column":30},"skip":true},"19":{"start":{"line":85,"column":24},"end":{"line":85,"column":49},"skip":true},"20":{"start":{"line":89,"column":12},"end":{"line":107,"column":13},"skip":true},"21":{"start":{"line":92,"column":16},"end":{"line":102,"column":17},"skip":true},"22":{"start":{"line":93,"column":20},"end":{"line":93,"column":86},"skip":true},"23":{"start":{"line":94,"column":20},"end":{"line":95,"column":45},"skip":true},"24":{"start":{"line":96,"column":20},"end":{"line":96,"column":42},"skip":true},"25":{"start":{"line":97,"column":20},"end":{"line":97,"column":48},"skip":true},"26":{"start":{"line":100,"column":20},"end":{"line":100,"column":85},"skip":true},"27":{"start":{"line":101,"column":20},"end":{"line":101,"column":96},"skip":true},"28":{"start":{"line":103,"column":16},"end":{"line":103,"column":22},"skip":true},"29":{"start":{"line":106,"column":16},"end":{"line":106,"column":22},"skip":true},"30":{"start":{"line":108,"column":12},"end":{"line":120,"column":13},"skip":true},"31":{"start":{"line":114,"column":16},"end":{"line":119,"column":17},"skip":true},"32":{"start":{"line":116,"column":20},"end":{"line":116,"column":78},"skip":true},"33":{"start":{"line":118,"column":20},"end":{"line":118,"column":47},"skip":true},"34":{"start":{"line":123,"column":8},"end":{"line":141,"column":11},"skip":true},"35":{"start":{"line":124,"column":12},"end":{"line":124,"column":54},"skip":true},"36":{"start":{"line":125,"column":12},"end":{"line":140,"column":14},"skip":true},"37":{"start":{"line":126,"column":16},"end":{"line":126,"column":28},"skip":true},"38":{"start":{"line":127,"column":16},"end":{"line":127,"column":69},"skip":true},"39":{"start":{"line":128,"column":16},"end":{"line":128,"column":75},"skip":true},"40":{"start":{"line":129,"column":16},"end":{"line":131,"column":17},"skip":true},"41":{"start":{"line":130,"column":20},"end":{"line":130,"column":27},"skip":true},"42":{"start":{"line":133,"column":16},"end":{"line":137,"column":36},"skip":true},"43":{"start":{"line":134,"column":20},"end":{"line":136,"column":55},"skip":true},"44":{"start":{"line":139,"column":16},"end":{"line":139,"column":57},"skip":true},"45":{"start":{"line":143,"column":8},"end":{"line":147,"column":11},"skip":true},"46":{"start":{"line":144,"column":12},"end":{"line":146,"column":15},"skip":true},"47":{"start":{"line":145,"column":16},"end":{"line":145,"column":70},"skip":true},"48":{"start":{"line":149,"column":8},"end":{"line":149,"column":31},"skip":true},"49":{"start":{"line":150,"column":8},"end":{"line":150,"column":14},"skip":true},"50":{"start":{"line":158,"column":8},"end":{"line":158,"column":31},"skip":true},"51":{"start":{"line":160,"column":8},"end":{"line":160,"column":33},"skip":true},"52":{"start":{"line":161,"column":8},"end":{"line":161,"column":37},"skip":true},"53":{"start":{"line":162,"column":8},"end":{"line":162,"column":35},"skip":true},"54":{"start":{"line":164,"column":8},"end":{"line":164,"column":50},"skip":true},"55":{"start":{"line":166,"column":8},"end":{"line":256,"column":2},"skip":true},"56":{"start":{"line":258,"column":8},"end":{"line":286,"column":9},"skip":true},"57":{"start":{"line":259,"column":12},"end":{"line":269,"column":14},"skip":true},"58":{"start":{"line":271,"column":12},"end":{"line":285,"column":19},"skip":true},"59":{"start":{"line":274,"column":20},"end":{"line":274,"column":35},"skip":true},"60":{"start":{"line":275,"column":20},"end":{"line":284,"column":21},"skip":true},"61":{"start":{"line":277,"column":24},"end":{"line":277,"column":64},"skip":true},"62":{"start":{"line":279,"column":24},"end":{"line":279,"column":40},"skip":true},"63":{"start":{"line":281,"column":24},"end":{"line":281,"column":40},"skip":true},"64":{"start":{"line":283,"column":24},"end":{"line":283,"column":39},"skip":true},"65":{"start":{"line":288,"column":8},"end":{"line":290,"column":9},"skip":true},"66":{"start":{"line":289,"column":12},"end":{"line":289,"column":18},"skip":true},"67":{"start":{"line":291,"column":8},"end":{"line":293,"column":54},"skip":true},"68":{"start":{"line":294,"column":8},"end":{"line":301,"column":37},"skip":true},"69":{"start":{"line":302,"column":8},"end":{"line":302,"column":82},"skip":true},"70":{"start":{"line":305,"column":8},"end":{"line":307,"column":9},"skip":true},"71":{"start":{"line":306,"column":12},"end":{"line":306,"column":82},"skip":true},"72":{"start":{"line":309,"column":8},"end":{"line":311,"column":9},"skip":true},"73":{"start":{"line":310,"column":12},"end":{"line":310,"column":18},"skip":true},"74":{"start":{"line":312,"column":8},"end":{"line":312,"column":54},"skip":true},"75":{"start":{"line":313,"column":8},"end":{"line":313,"column":69},"skip":true},"76":{"start":{"line":314,"column":8},"end":{"line":322,"column":36},"skip":true},"77":{"start":{"line":315,"column":12},"end":{"line":315,"column":61},"skip":true},"78":{"start":{"line":316,"column":12},"end":{"line":319,"column":13},"skip":true},"79":{"start":{"line":317,"column":16},"end":{"line":317,"column":75},"skip":true},"80":{"start":{"line":318,"column":16},"end":{"line":318,"column":23},"skip":true},"81":{"start":{"line":320,"column":12},"end":{"line":320,"column":38},"skip":true},"82":{"start":{"line":321,"column":12},"end":{"line":321,"column":27},"skip":true},"83":{"start":{"line":323,"column":8},"end":{"line":323,"column":14},"skip":true}},"branchMap":{"1":{"line":39,"type":"binary-expr","locations":[{"start":{"line":39,"column":23},"end":{"line":39,"column":62}},{"start":{"line":40,"column":20},"end":{"line":40,"column":70}},{"start":{"line":41,"column":20},"end":{"line":41,"column":71}},{"start":{"line":42,"column":20},"end":{"line":42,"column":29}}]},"2":{"line":44,"type":"binary-expr","locations":[{"start":{"line":44,"column":23},"end":{"line":44,"column":37}},{"start":{"line":45,"column":20},"end":{"line":45,"column":61}},{"start":{"line":46,"column":20},"end":{"line":46,"column":70}},{"start":{"line":47,"column":20},"end":{"line":47,"column":26}}]},"3":{"line":51,"type":"cond-expr","locations":[{"start":{"line":52,"column":14},"end":{"line":52,"column":20}},{"start":{"line":53,"column":14},"end":{"line":53,"column":20}}]},"4":{"line":55,"type":"binary-expr","locations":[{"start":{"line":55,"column":16},"end":{"line":55,"column":44}},{"start":{"line":55,"column":49},"end":{"line":57,"column":43}}]},"5":{"line":55,"type":"cond-expr","locations":[{"start":{"line":56,"column":14},"end":{"line":56,"column":54}},{"start":{"line":57,"column":14},"end":{"line":57,"column":43}}]},"6":{"line":61,"type":"switch","locations":[{"start":{"line":68,"column":4},"end":{"line":150,"column":14},"skip":true},{"start":{"line":156,"column":4},"end":{"line":323,"column":14},"skip":true}]},"7":{"line":70,"type":"if","locations":[{"start":{"line":70,"column":12},"end":{"line":70,"column":12},"skip":true},{"start":{"line":70,"column":12},"end":{"line":70,"column":12},"skip":true}]},"8":{"line":70,"type":"binary-expr","locations":[{"start":{"line":70,"column":16},"end":{"line":70,"column":22},"skip":true},{"start":{"line":70,"column":27},"end":{"line":70,"column":32},"skip":true},{"start":{"line":71,"column":20},"end":{"line":71,"column":39},"skip":true},{"start":{"line":72,"column":20},"end":{"line":72,"column":49},"skip":true},{"start":{"line":73,"column":20},"end":{"line":73,"column":58},"skip":true},{"start":{"line":74,"column":20},"end":{"line":74,"column":69},"skip":true}]},"9":{"line":79,"type":"switch","locations":[{"start":{"line":80,"column":20},"end":{"line":80,"column":33},"skip":true},{"start":{"line":81,"column":20},"end":{"line":83,"column":30},"skip":true},{"start":{"line":84,"column":20},"end":{"line":85,"column":49},"skip":true}]},"10":{"line":89,"type":"switch","locations":[{"start":{"line":90,"column":12},"end":{"line":103,"column":22},"skip":true},{"start":{"line":105,"column":12},"end":{"line":106,"column":22},"skip":true}]},"11":{"line":89,"type":"binary-expr","locations":[{"start":{"line":89,"column":20},"end":{"line":89,"column":25},"skip":true},{"start":{"line":89,"column":29},"end":{"line":89,"column":48},"skip":true},{"start":{"line":89,"column":52},"end":{"line":89,"column":74},"skip":true}]},"12":{"line":92,"type":"if","locations":[{"start":{"line":92,"column":16},"end":{"line":92,"column":16},"skip":true},{"start":{"line":92,"column":16},"end":{"line":92,"column":16},"skip":true}]},"13":{"line":108,"type":"if","locations":[{"start":{"line":108,"column":12},"end":{"line":108,"column":12},"skip":true},{"start":{"line":108,"column":12},"end":{"line":108,"column":12},"skip":true}]},"14":{"line":108,"type":"binary-expr","locations":[{"start":{"line":108,"column":16},"end":{"line":108,"column":61},"skip":true},{"start":{"line":108,"column":66},"end":{"line":108,"column":72},"skip":true},{"start":{"line":108,"column":77},"end":{"line":108,"column":82},"skip":true},{"start":{"line":109,"column":20},"end":{"line":109,"column":39},"skip":true},{"start":{"line":110,"column":20},"end":{"line":110,"column":49},"skip":true},{"start":{"line":111,"column":20},"end":{"line":111,"column":58},"skip":true},{"start":{"line":112,"column":20},"end":{"line":112,"column":68},"skip":true}]},"15":{"line":129,"type":"if","locations":[{"start":{"line":129,"column":16},"end":{"line":129,"column":16},"skip":true},{"start":{"line":129,"column":16},"end":{"line":129,"column":16},"skip":true}]},"16":{"line":134,"type":"cond-expr","locations":[{"start":{"line":135,"column":26},"end":{"line":135,"column":29},"skip":true},{"start":{"line":136,"column":26},"end":{"line":136,"column":54},"skip":true}]},"17":{"line":164,"type":"binary-expr","locations":[{"start":{"line":164,"column":27},"end":{"line":164,"column":43},"skip":true},{"start":{"line":164,"column":47},"end":{"line":164,"column":49},"skip":true}]},"18":{"line":258,"type":"if","locations":[{"start":{"line":258,"column":8},"end":{"line":258,"column":8},"skip":true},{"start":{"line":258,"column":8},"end":{"line":258,"column":8},"skip":true}]},"19":{"line":275,"type":"switch","locations":[{"start":{"line":276,"column":20},"end":{"line":277,"column":64},"skip":true},{"start":{"line":278,"column":20},"end":{"line":279,"column":40},"skip":true},{"start":{"line":280,"column":20},"end":{"line":281,"column":40},"skip":true},{"start":{"line":282,"column":20},"end":{"line":283,"column":39},"skip":true}]},"20":{"line":288,"type":"if","locations":[{"start":{"line":288,"column":8},"end":{"line":288,"column":8},"skip":true},{"start":{"line":288,"column":8},"end":{"line":288,"column":8},"skip":true}]},"21":{"line":288,"type":"binary-expr","locations":[{"start":{"line":288,"column":12},"end":{"line":288,"column":40},"skip":true},{"start":{"line":288,"column":44},"end":{"line":288,"column":67},"skip":true}]},"22":{"line":292,"type":"binary-expr","locations":[{"start":{"line":292,"column":12},"end":{"line":292,"column":50},"skip":true},{"start":{"line":293,"column":12},"end":{"line":293,"column":53},"skip":true}]},"23":{"line":295,"type":"binary-expr","locations":[{"start":{"line":295,"column":12},"end":{"line":295,"column":68},"skip":true},{"start":{"line":296,"column":12},"end":{"line":301,"column":36},"skip":true}]},"24":{"line":302,"type":"binary-expr","locations":[{"start":{"line":302,"column":43},"end":{"line":302,"column":75},"skip":true},{"start":{"line":302,"column":79},"end":{"line":302,"column":81},"skip":true}]},"25":{"line":305,"type":"if","locations":[{"start":{"line":305,"column":8},"end":{"line":305,"column":8},"skip":true},{"start":{"line":305,"column":8},"end":{"line":305,"column":8},"skip":true}]},"26":{"line":309,"type":"if","locations":[{"start":{"line":309,"column":8},"end":{"line":309,"column":8},"skip":true},{"start":{"line":309,"column":8},"end":{"line":309,"column":8},"skip":true}]},"27":{"line":312,"type":"binary-expr","locations":[{"start":{"line":312,"column":27},"end":{"line":312,"column":43},"skip":true},{"start":{"line":312,"column":47},"end":{"line":312,"column":53},"skip":true}]},"28":{"line":316,"type":"if","locations":[{"start":{"line":316,"column":12},"end":{"line":316,"column":12},"skip":true},{"start":{"line":316,"column":12},"end":{"line":316,"column":12},"skip":true}]}},"code":["/*","example.js","","quickstart example","","instruction","    1. save this script as example.js","    2. run the shell command:","        $ npm install npmtest-stylestats && PORT=8081 node example.js","    3. play with the browser-demo on http://127.0.0.1:8081","*/","","","","/* istanbul instrument in package npmtest_stylestats */","/*jslint","    bitwise: true,","    browser: true,","    maxerr: 8,","    maxlen: 96,","    node: true,","    nomen: true,","    regexp: true,","    stupid: true","*/","(function () {","    'use strict';","    var local;","","","","    // run shared js-env code - pre-init","    (function () {","        // init local","        local = {};","        // init modeJs","        local.modeJs = (function () {","            try {","                return typeof navigator.userAgent === 'string' &&","                    typeof document.querySelector('body') === 'object' &&","                    typeof XMLHttpRequest.prototype.open === 'function' &&","                    'browser';","            } catch (errorCaughtBrowser) {","                return module.exports &&","                    typeof process.versions.node === 'string' &&","                    typeof require('http').createServer === 'function' &&","                    'node';","            }","        }());","        // init global","        local.global = local.modeJs === 'browser'","            ? window","            : global;","        // init utility2_rollup","        local = local.global.utility2_rollup || (local.modeJs === 'browser'","            ? local.global.utility2_npmtest_stylestats","            : global.utility2_moduleExports);","        // export local","        local.global.local = local;","    }());","    switch (local.modeJs) {","","","","    // post-init","    // run browser js-env code - post-init","    /* istanbul ignore next */","    case 'browser':","        local.testRunBrowser = function (event) {","            if (!event || (event &&","                    event.currentTarget &&","                    event.currentTarget.className &&","                    event.currentTarget.className.includes &&","                    event.currentTarget.className.includes('onreset'))) {","                // reset output","                Array.from(","                    document.querySelectorAll('body > .resettable')","                ).forEach(function (element) {","                    switch (element.tagName) {","                    case 'INPUT':","                    case 'TEXTAREA':","                        element.value = '';","                        break;","                    default:","                        element.textContent = '';","                    }","                });","            }","            switch (event && event.currentTarget && event.currentTarget.id) {","            case 'testRunButton1':","                // show tests","                if (document.querySelector('#testReportDiv1').style.display === 'none') {","                    document.querySelector('#testReportDiv1').style.display = 'block';","                    document.querySelector('#testRunButton1').textContent =","                        'hide internal test';","                    local.modeTest = true;","                    local.testRunDefault(local);","                // hide tests","                } else {","                    document.querySelector('#testReportDiv1').style.display = 'none';","                    document.querySelector('#testRunButton1').textContent = 'run internal test';","                }","                break;","            // custom-case","            default:","                break;","            }","            if (document.querySelector('#inputTextareaEval1') && (!event || (event &&","                    event.currentTarget &&","                    event.currentTarget.className &&","                    event.currentTarget.className.includes &&","                    event.currentTarget.className.includes('oneval')))) {","                // try to eval input-code","                try {","                    /*jslint evil: true*/","                    eval(document.querySelector('#inputTextareaEval1').value);","                } catch (errorCaught) {","                    console.error(errorCaught);","                }","            }","        };","        // log stderr and stdout to #outputTextareaStdout1","        ['error', 'log'].forEach(function (key) {","            console[key + '_original'] = console[key];","            console[key] = function () {","                var element;","                console[key + '_original'].apply(console, arguments);","                element = document.querySelector('#outputTextareaStdout1');","                if (!element) {","                    return;","                }","                // append text to #outputTextareaStdout1","                element.value += Array.from(arguments).map(function (arg) {","                    return typeof arg === 'string'","                        ? arg","                        : JSON.stringify(arg, null, 4);","                }).join(' ') + '\\n';","                // scroll textarea to bottom","                element.scrollTop = element.scrollHeight;","            };","        });","        // init event-handling","        ['change', 'click', 'keyup'].forEach(function (event) {","            Array.from(document.querySelectorAll('.on' + event)).forEach(function (element) {","                element.addEventListener(event, local.testRunBrowser);","            });","        });","        // run tests","        local.testRunBrowser();","        break;","","","","    // run node js-env code - post-init","    /* istanbul ignore next */","    case 'node':","        // export local","        module.exports = local;","        // require modules","        local.fs = require('fs');","        local.http = require('http');","        local.url = require('url');","        // init assets","        local.assetsDict = local.assetsDict || {};","        /* jslint-ignore-begin */","        local.assetsDict['/assets.index.template.html'] = '\\","<!doctype html>\\n\\","<html lang=\"en\">\\n\\","<head>\\n\\","<meta charset=\"UTF-8\">\\n\\","<meta name=\"viewport\" content=\"width=device-width, initial-scale=1\">\\n\\","<title>{{env.npm_package_name}} (v{{env.npm_package_version}})</title>\\n\\","<style>\\n\\","/*csslint\\n\\","    box-sizing: false,\\n\\","    universal-selector: false\\n\\","*/\\n\\","* {\\n\\","    box-sizing: border-box;\\n\\","}\\n\\","body {\\n\\","    background: #dde;\\n\\","    font-family: Arial, Helvetica, sans-serif;\\n\\","    margin: 2rem;\\n\\","}\\n\\","body > * {\\n\\","    margin-bottom: 1rem;\\n\\","}\\n\\",".utility2FooterDiv {\\n\\","    margin-top: 20px;\\n\\","    text-align: center;\\n\\","}\\n\\","</style>\\n\\","<style>\\n\\","/*csslint\\n\\","*/\\n\\","textarea {\\n\\","    font-family: monospace;\\n\\","    height: 10rem;\\n\\","    width: 100%;\\n\\","}\\n\\","textarea[readonly] {\\n\\","    background: #ddd;\\n\\","}\\n\\","</style>\\n\\","</head>\\n\\","<body>\\n\\","<!-- utility2-comment\\n\\","<div id=\"ajaxProgressDiv1\" style=\"background: #d00; height: 2px; left: 0; margin: 0; padding: 0; position: fixed; top: 0; transition: background 0.5s, width 1.5s; width: 25%;\"></div>\\n\\","utility2-comment -->\\n\\","<h1>\\n\\","<!-- utility2-comment\\n\\","    <a\\n\\","        {{#if env.npm_package_homepage}}\\n\\","        href=\"{{env.npm_package_homepage}}\"\\n\\","        {{/if env.npm_package_homepage}}\\n\\","        target=\"_blank\"\\n\\","    >\\n\\","utility2-comment -->\\n\\","        {{env.npm_package_name}} (v{{env.npm_package_version}})\\n\\","<!-- utility2-comment\\n\\","    </a>\\n\\","utility2-comment -->\\n\\","</h1>\\n\\","<h3>{{env.npm_package_description}}</h3>\\n\\","<!-- utility2-comment\\n\\","<h4><a download href=\"assets.app.js\">download standalone app</a></h4>\\n\\","<button class=\"onclick onreset\" id=\"testRunButton1\">run internal test</button><br>\\n\\","<div id=\"testReportDiv1\" style=\"display: none;\"></div>\\n\\","utility2-comment -->\\n\\","\\n\\","\\n\\","\\n\\","<label>stderr and stdout</label>\\n\\","<textarea class=\"resettable\" id=\"outputTextareaStdout1\" readonly></textarea>\\n\\","<!-- utility2-comment\\n\\","{{#if isRollup}}\\n\\","<script src=\"assets.app.js\"></script>\\n\\","{{#unless isRollup}}\\n\\","utility2-comment -->\\n\\","<script src=\"assets.utility2.rollup.js\"></script>\\n\\","<script src=\"jsonp.utility2._stateInit?callback=window.utility2._stateInit\"></script>\\n\\","<script src=\"assets.npmtest_stylestats.rollup.js\"></script>\\n\\","<script src=\"assets.example.js\"></script>\\n\\","<script src=\"assets.test.js\"></script>\\n\\","<!-- utility2-comment\\n\\","{{/if isRollup}}\\n\\","utility2-comment -->\\n\\","<div class=\"utility2FooterDiv\">\\n\\","    [ this app was created with\\n\\","    <a href=\"https://github.com/kaizhu256/node-utility2\" target=\"_blank\">utility2</a>\\n\\","    ]\\n\\","</div>\\n\\","</body>\\n\\","</html>\\n\\","';","        /* jslint-ignore-end */","        if (local.templateRender) {","            local.assetsDict['/'] = local.templateRender(","                local.assetsDict['/assets.index.template.html'],","                {","                    env: local.objectSetDefault(local.env, {","                        npm_package_description: 'the greatest app in the world!',","                        npm_package_name: 'my-app',","                        npm_package_nameAlias: 'my_app',","                        npm_package_version: '0.0.1'","                    })","                }","            );","        } else {","            local.assetsDict['/'] = local.assetsDict['/assets.index.template.html']","                .replace((/\\{\\{env\\.(\\w+?)\\}\\}/g), function (match0, match1) {","                    // jslint-hack","                    String(match0);","                    switch (match1) {","                    case 'npm_package_description':","                        return 'the greatest app in the world!';","                    case 'npm_package_name':","                        return 'my-app';","                    case 'npm_package_nameAlias':","                        return 'my_app';","                    case 'npm_package_version':","                        return '0.0.1';","                    }","                });","        }","        // run the cli","        if (local.global.utility2_rollup || module !== require.main) {","            break;","        }","        local.assetsDict['/assets.example.js'] =","            local.assetsDict['/assets.example.js'] ||","            local.fs.readFileSync(__filename, 'utf8');","        local.assetsDict['/assets.npmtest_stylestats.rollup.js'] =","            local.assetsDict['/assets.npmtest_stylestats.rollup.js'] ||","            local.fs.readFileSync(","                // buildCustomOrg-hack","                local.npmtest_stylestats.__dirname +","                    '/lib.npmtest_stylestats.js',","                'utf8'","            ).replace((/^#!/), '//');","        local.assetsDict['/favicon.ico'] = local.assetsDict['/favicon.ico'] || '';","        // if $npm_config_timeout_exit exists,","        // then exit this process after $npm_config_timeout_exit ms","        if (Number(process.env.npm_config_timeout_exit)) {","            setTimeout(process.exit, Number(process.env.npm_config_timeout_exit));","        }","        // start server","        if (local.global.utility2_serverHttp1) {","            break;","        }","        process.env.PORT = process.env.PORT || '8081';","        console.error('server starting on port ' + process.env.PORT);","        local.http.createServer(function (request, response) {","            request.urlParsed = local.url.parse(request.url);","            if (local.assetsDict[request.urlParsed.pathname] !== undefined) {","                response.end(local.assetsDict[request.urlParsed.pathname]);","                return;","            }","            response.statusCode = 404;","            response.end();","        }).listen(process.env.PORT);","        break;","    }","}());",""],"l":{"26":2,"28":2,"33":2,"35":2,"37":2,"38":2,"39":2,"44":1,"51":2,"55":2,"59":2,"61":2,"69":1,"70":2,"76":2,"79":2,"82":2,"83":2,"85":1,"89":2,"92":1,"93":1,"94":1,"96":1,"97":1,"100":1,"101":1,"103":1,"106":1,"108":2,"114":1,"116":1,"118":1,"123":1,"124":2,"125":2,"126":2,"127":2,"128":2,"129":2,"130":1,"133":2,"134":2,"139":2,"143":1,"144":3,"145":1,"149":1,"150":1,"158":1,"160":1,"161":1,"162":1,"164":1,"166":1,"258":1,"259":1,"271":1,"274":6,"275":6,"277":1,"279":2,"281":1,"283":2,"288":1,"289":1,"291":1,"294":1,"302":1,"305":1,"306":1,"309":1,"310":1,"312":1,"313":1,"314":1,"315":1,"316":1,"317":1,"318":1,"320":1,"321":1,"323":1}},"/home/travis/build/npmtest/node-npmtest-stylestats/node_modules/stylestats/lib/stylestats.js":{"path":"/home/travis/build/npmtest/node-npmtest-stylestats/node_modules/stylestats/lib/stylestats.js","s":{"1":1,"2":1,"3":1,"4":1,"5":1,"6":1,"7":1,"8":1,"9":0,"10":0,"11":0,"12":0,"13":0,"14":0,"15":0,"16":0,"17":0,"18":0,"19":0,"20":0,"21":0,"22":0,"23":0,"24":0,"25":0,"26":0,"27":0,"28":0,"29":0,"30":0,"31":0,"32":0,"33":0,"34":0,"35":0,"36":0,"37":0,"38":0,"39":0,"40":0,"41":0,"42":0,"43":0,"44":0,"45":0,"46":0,"47":0,"48":0,"49":0,"50":0,"51":0,"52":0,"53":0,"54":0,"55":0,"56":0,"57":0,"58":0,"59":1},"b":{"1":[0,0],"2":[0,0],"3":[0,0],"4":[0,0],"5":[0,0],"6":[0,0],"7":[0,0],"8":[0,0],"9":[0,0],"10":[0,0],"11":[0,0],"12":[0,0],"13":[0,0],"14":[0,0]},"f":{"1":0,"2":0,"3":0},"fnMap":{"1":{"name":"(anonymous_1)","line":15,"loc":{"start":{"line":15,"column":13},"end":{"line":15,"column":28}}},"2":{"name":"(anonymous_2)","line":68,"loc":{"start":{"line":68,"column":7},"end":{"line":68,"column":10}}},"3":{"name":"(anonymous_3)","line":102,"loc":{"start":{"line":102,"column":10},"end":{"line":102,"column":18}}}},"statementMap":{"1":{"start":{"line":1,"column":0},"end":{"line":1,"column":25}},"2":{"start":{"line":2,"column":0},"end":{"line":2,"column":29}},"3":{"start":{"line":3,"column":0},"end":{"line":3,"column":29}},"4":{"start":{"line":4,"column":0},"end":{"line":4,"column":38}},"5":{"start":{"line":5,"column":0},"end":{"line":5,"column":31}},"6":{"start":{"line":6,"column":0},"end":{"line":6,"column":39}},"7":{"start":{"line":7,"column":0},"end":{"line":7,"column":35}},"8":{"start":{"line":8,"column":0},"end":{"line":8,"column":39}},"9":{"start":{"line":16,"column":4},"end":{"line":16,"column":47}},"10":{"start":{"line":17,"column":4},"end":{"line":17,"column":19}},"11":{"start":{"line":18,"column":4},"end":{"line":18,"column":20}},"12":{"start":{"line":19,"column":4},"end":{"line":19,"column":21}},"13":{"start":{"line":20,"column":4},"end":{"line":20,"column":32}},"14":{"start":{"line":23,"column":4},"end":{"line":43,"column":7}},"15":{"start":{"line":24,"column":6},"end":{"line":42,"column":7}},"16":{"start":{"line":25,"column":8},"end":{"line":25,"column":29}},"17":{"start":{"line":26,"column":13},"end":{"line":42,"column":7}},"18":{"start":{"line":27,"column":8},"end":{"line":31,"column":11}},"19":{"start":{"line":28,"column":10},"end":{"line":28,"column":65}},"20":{"start":{"line":30,"column":10},"end":{"line":30,"column":38}},"21":{"start":{"line":32,"column":13},"end":{"line":42,"column":7}},"22":{"start":{"line":33,"column":8},"end":{"line":33,"column":28}},"23":{"start":{"line":34,"column":13},"end":{"line":42,"column":7}},"24":{"start":{"line":35,"column":8},"end":{"line":35,"column":30}},"25":{"start":{"line":37,"column":8},"end":{"line":41,"column":11}},"26":{"start":{"line":38,"column":10},"end":{"line":38,"column":49}},"27":{"start":{"line":40,"column":10},"end":{"line":40,"column":32}},"28":{"start":{"line":45,"column":4},"end":{"line":45,"column":61}},"29":{"start":{"line":46,"column":4},"end":{"line":46,"column":27}},"30":{"start":{"line":47,"column":4},"end":{"line":58,"column":5}},"31":{"start":{"line":48,"column":6},"end":{"line":50,"column":9}},"32":{"start":{"line":51,"column":6},"end":{"line":55,"column":7}},"33":{"start":{"line":52,"column":8},"end":{"line":52,"column":49}},"34":{"start":{"line":54,"column":8},"end":{"line":54,"column":18}},"35":{"start":{"line":56,"column":11},"end":{"line":58,"column":5}},"36":{"start":{"line":57,"column":6},"end":{"line":57,"column":29}},"37":{"start":{"line":60,"column":4},"end":{"line":60,"column":68}},"38":{"start":{"line":61,"column":4},"end":{"line":61,"column":79}},"39":{"start":{"line":69,"column":4},"end":{"line":94,"column":7}},"40":{"start":{"line":70,"column":6},"end":{"line":93,"column":35}},"41":{"start":{"line":71,"column":8},"end":{"line":71,"column":72}},"42":{"start":{"line":73,"column":8},"end":{"line":73,"column":25}},"43":{"start":{"line":74,"column":8},"end":{"line":76,"column":9}},"44":{"start":{"line":75,"column":10},"end":{"line":75,"column":39}},"45":{"start":{"line":77,"column":8},"end":{"line":81,"column":9}},"46":{"start":{"line":78,"column":10},"end":{"line":78,"column":27}},"47":{"start":{"line":79,"column":10},"end":{"line":79,"column":62}},"48":{"start":{"line":80,"column":10},"end":{"line":80,"column":61}},"49":{"start":{"line":82,"column":8},"end":{"line":84,"column":9}},"50":{"start":{"line":83,"column":10},"end":{"line":83,"column":68}},"51":{"start":{"line":85,"column":8},"end":{"line":87,"column":9}},"52":{"start":{"line":86,"column":10},"end":{"line":86,"column":51}},"53":{"start":{"line":88,"column":8},"end":{"line":88,"column":43}},"54":{"start":{"line":89,"column":8},"end":{"line":91,"column":9}},"55":{"start":{"line":90,"column":10},"end":{"line":90,"column":49}},"56":{"start":{"line":92,"column":8},"end":{"line":92,"column":23}},"57":{"start":{"line":93,"column":22},"end":{"line":93,"column":33}},"58":{"start":{"line":103,"column":4},"end":{"line":103,"column":27}},"59":{"start":{"line":107,"column":0},"end":{"line":107,"column":28}}},"branchMap":{"1":{"line":16,"type":"cond-expr","locations":[{"start":{"line":16,"column":33},"end":{"line":16,"column":37}},{"start":{"line":16,"column":40},"end":{"line":16,"column":46}}]},"2":{"line":24,"type":"if","locations":[{"start":{"line":24,"column":6},"end":{"line":24,"column":6}},{"start":{"line":24,"column":6},"end":{"line":24,"column":6}}]},"3":{"line":24,"type":"binary-expr","locations":[{"start":{"line":24,"column":10},"end":{"line":24,"column":26}},{"start":{"line":24,"column":30},"end":{"line":24,"column":74}}]},"4":{"line":26,"type":"if","locations":[{"start":{"line":26,"column":13},"end":{"line":26,"column":13}},{"start":{"line":26,"column":13},"end":{"line":26,"column":13}}]},"5":{"line":32,"type":"if","locations":[{"start":{"line":32,"column":13},"end":{"line":32,"column":13}},{"start":{"line":32,"column":13},"end":{"line":32,"column":13}}]},"6":{"line":34,"type":"if","locations":[{"start":{"line":34,"column":13},"end":{"line":34,"column":13}},{"start":{"line":34,"column":13},"end":{"line":34,"column":13}}]},"7":{"line":47,"type":"if","locations":[{"start":{"line":47,"column":4},"end":{"line":47,"column":4}},{"start":{"line":47,"column":4},"end":{"line":47,"column":4}}]},"8":{"line":47,"type":"binary-expr","locations":[{"start":{"line":47,"column":8},"end":{"line":47,"column":14}},{"start":{"line":47,"column":18},"end":{"line":47,"column":37}}]},"9":{"line":56,"type":"if","locations":[{"start":{"line":56,"column":11},"end":{"line":56,"column":11}},{"start":{"line":56,"column":11},"end":{"line":56,"column":11}}]},"10":{"line":74,"type":"if","locations":[{"start":{"line":74,"column":8},"end":{"line":74,"column":8}},{"start":{"line":74,"column":8},"end":{"line":74,"column":8}}]},"11":{"line":77,"type":"if","locations":[{"start":{"line":77,"column":8},"end":{"line":77,"column":8}},{"start":{"line":77,"column":8},"end":{"line":77,"column":8}}]},"12":{"line":82,"type":"if","locations":[{"start":{"line":82,"column":8},"end":{"line":82,"column":8}},{"start":{"line":82,"column":8},"end":{"line":82,"column":8}}]},"13":{"line":85,"type":"if","locations":[{"start":{"line":85,"column":8},"end":{"line":85,"column":8}},{"start":{"line":85,"column":8},"end":{"line":85,"column":8}}]},"14":{"line":89,"type":"if","locations":[{"start":{"line":89,"column":8},"end":{"line":89,"column":8}},{"start":{"line":89,"column":8},"end":{"line":89,"column":8}}]}},"code":["const fs = require('fs');","const path = require('path');","const glob = require('glob');","const validUrl = require('valid-url');","const util = require('./util');","const prettify = require('./prettify');","const Parser = require('./parser');","const Analyzer = require('./analyzer');","","class StyleStats {","  /**","   * @param {Array} args","   * @param {String|Object} config","   */","  constructor(args, config) {","    args = Array.isArray(args) ? args : [args];","    this.urls = [];","    this.files = [];","    this.styles = [];","    const EXTENSIONS = ['.css'];","","    // Check arguments which is url or file path or other","    args.forEach(arg => {","      if (util.isFile(arg) && EXTENSIONS.indexOf(path.extname(arg)) !== -1) {","        this.files.push(arg);","      } else if (util.isDirectory(arg)) {","        fs.readdirSync(arg).filter(file => {","          return (EXTENSIONS.indexOf(path.extname(file)) !== -1);","        }).forEach(file => {","          this.files.push(arg + file);","        });","      } else if (validUrl.isUri(arg)) {","        this.urls.push(arg);","      } else if (util.isCSS(arg)) {","        this.styles.push(arg);","      } else {","        glob.sync(arg).filter(file => {","          return (path.extname(file) === '.css');","        }).forEach(file => {","          this.files.push(file);","        });","      }","    });","","    const defaultOptions = require('../assets/default.json');","    let customOptions = {};","    if (config && util.isFile(config)) {","      const configString = fs.readFileSync(config, {","        encoding: 'utf8'","      });","      try {","        customOptions = JSON.parse(configString);","      } catch (err) {","        throw err;","      }","    } else if (util.isObject(config)) {","      customOptions = config;","    }","","    this.options = Object.assign({}, defaultOptions, customOptions);","    this.parser = new Parser(this.urls, this.files, this.styles, this.options);","  }","","  /**","   * Parse CSS","   * @returns {Promise}","   */","  parse() {","    return new Promise((resolve, reject) => {","      this.parser.parse().then(data => {","        const analyzedData = new Analyzer(data, this.options).analyze();","","        const stats = {};","        if (this.options.published) {","          stats.published = new Date();","        }","        if (this.options.paths) {","          stats.paths = [];","          Array.prototype.push.apply(stats.paths, this.files);","          Array.prototype.push.apply(stats.paths, this.urls);","        }","        if (this.options.stylesheets) {","          stats.stylesheets = this.files.length + data.cssFiles - 0;","        }","        if (this.options.styleElements) {","          stats.styleElements = data.styleElements;","        }","        Object.assign(stats, analyzedData);","        if (this.options.mediaQueries) {","          stats.mediaQueries = data.mediaQueries;","        }","        resolve(stats);","      }).catch(err => reject(err));","    });","  }","","  /**","   * Prettify CSS","   * @param {Object} stats","   * @returns {Object}","   */","  prettify(stats) {","    return prettify(stats);","  }","}","","module.exports = StyleStats;",""],"l":{"1":1,"2":1,"3":1,"4":1,"5":1,"6":1,"7":1,"8":1,"16":0,"17":0,"18":0,"19":0,"20":0,"23":0,"24":0,"25":0,"26":0,"27":0,"28":0,"30":0,"32":0,"33":0,"34":0,"35":0,"37":0,"38":0,"40":0,"45":0,"46":0,"47":0,"48":0,"51":0,"52":0,"54":0,"56":0,"57":0,"60":0,"61":0,"69":0,"70":0,"71":0,"73":0,"74":0,"75":0,"77":0,"78":0,"79":0,"80":0,"82":0,"83":0,"85":0,"86":0,"88":0,"89":0,"90":0,"92":0,"93":0,"103":0,"107":1}},"/home/travis/build/npmtest/node-npmtest-stylestats/node_modules/stylestats/lib/util.js":{"path":"/home/travis/build/npmtest/node-npmtest-stylestats/node_modules/stylestats/lib/util.js","s":{"1":1,"2":1,"3":1,"4":0,"5":0,"6":0,"7":0,"8":0,"9":0,"10":0,"11":0,"12":0,"13":0,"14":0,"15":0,"16":1},"b":{"1":[0,0],"2":[0,0],"3":[0,0],"4":[0,0,0]},"f":{},"fnMap":{},"statementMap":{"1":{"start":{"line":1,"column":0},"end":{"line":1,"column":25}},"2":{"start":{"line":2,"column":0},"end":{"line":2,"column":27}},"3":{"start":{"line":4,"column":0},"end":{"line":48,"column":2}},"4":{"start":{"line":11,"column":4},"end":{"line":15,"column":5}},"5":{"start":{"line":12,"column":6},"end":{"line":12,"column":63}},"6":{"start":{"line":14,"column":6},"end":{"line":14,"column":19}},"7":{"start":{"line":23,"column":4},"end":{"line":27,"column":5}},"8":{"start":{"line":24,"column":6},"end":{"line":24,"column":66}},"9":{"start":{"line":26,"column":6},"end":{"line":26,"column":19}},"10":{"start":{"line":35,"column":4},"end":{"line":39,"column":5}},"11":{"start":{"line":36,"column":6},"end":{"line":36,"column":46}},"12":{"start":{"line":38,"column":6},"end":{"line":38,"column":19}},"13":{"start":{"line":42,"column":4},"end":{"line":42,"column":45}},"14":{"start":{"line":45,"column":4},"end":{"line":45,"column":28}},"15":{"start":{"line":46,"column":4},"end":{"line":46,"column":72}},"16":{"start":{"line":50,"column":0},"end":{"line":50,"column":23}}},"branchMap":{"1":{"line":12,"type":"binary-expr","locations":[{"start":{"line":12,"column":13},"end":{"line":12,"column":32}},{"start":{"line":12,"column":36},"end":{"line":12,"column":62}}]},"2":{"line":24,"type":"binary-expr","locations":[{"start":{"line":24,"column":13},"end":{"line":24,"column":31}},{"start":{"line":24,"column":35},"end":{"line":24,"column":65}}]},"3":{"line":42,"type":"binary-expr","locations":[{"start":{"line":42,"column":11},"end":{"line":42,"column":35}},{"start":{"line":42,"column":39},"end":{"line":42,"column":44}}]},"4":{"line":46,"type":"binary-expr","locations":[{"start":{"line":46,"column":11},"end":{"line":46,"column":30}},{"start":{"line":46,"column":36},"end":{"line":46,"column":53}},{"start":{"line":46,"column":58},"end":{"line":46,"column":70}}]}},"code":["const fs = require('fs');","const css = require('css');","","const utils = {","  /**","   * Argument is file path or not","   * @param {String} file","   * @returns {Boolean}","   */","  isFile: file => {","    try {","      return fs.existsSync(file) && fs.statSync(file).isFile();","    } catch (err) {","      return false;","    }","  },","  /**","   * Argument is directory path or not","   * @param {String} dir","   * @returns {Boolean}","   */","  isDirectory: dir => {","    try {","      return fs.existsSync(dir) && fs.statSync(dir).isDirectory();","    } catch (err) {","      return false;","    }","  },","  /**","   * Argument is CSS or not","   * @param {String} str","   * @returns {Boolean}","   */","  isCSS: str => {","    try {","      return css.parse(str) instanceof Object;","    } catch (err) {","      return false;","    }","  },","  isFunction: fn => {","    return typeof fn === 'function' || false;","  },","  isObject: obj => {","    const type = typeof obj;","    return type === 'function' || ((type === 'object') && Boolean(obj));","  }","};","","module.exports = utils;",""],"l":{"1":1,"2":1,"4":1,"11":0,"12":0,"14":0,"23":0,"24":0,"26":0,"35":0,"36":0,"38":0,"42":0,"45":0,"46":0,"50":1}},"/home/travis/build/npmtest/node-npmtest-stylestats/node_modules/stylestats/lib/prettify.js":{"path":"/home/travis/build/npmtest/node-npmtest-stylestats/node_modules/stylestats/lib/prettify.js","s":{"1":1,"2":1,"3":1,"4":1,"5":1,"6":1,"7":1,"8":0,"9":0,"10":0,"11":0,"12":0,"13":0,"14":0,"15":0,"16":0,"17":0,"18":0,"19":0,"20":0,"21":0,"22":0,"23":0,"24":0,"25":0,"26":0,"27":0,"28":0,"29":0,"30":0,"31":0,"32":0,"33":0,"34":0,"35":1},"b":{"1":[0,0],"2":[0,0],"3":[0,0],"4":[0,0],"5":[0,0],"6":[0,0],"7":[0,0],"8":[0,0],"9":[0,0]},"f":{"1":0},"fnMap":{"1":{"name":"prettify","line":24,"loc":{"start":{"line":24,"column":0},"end":{"line":24,"column":26}}}},"statementMap":{"1":{"start":{"line":1,"column":0},"end":{"line":1,"column":33}},"2":{"start":{"line":2,"column":0},"end":{"line":2,"column":35}},"3":{"start":{"line":3,"column":0},"end":{"line":3,"column":50}},"4":{"start":{"line":5,"column":0},"end":{"line":9,"column":2}},"5":{"start":{"line":10,"column":0},"end":{"line":13,"column":2}},"6":{"start":{"line":14,"column":0},"end":{"line":17,"column":2}},"7":{"start":{"line":24,"column":0},"end":{"line":66,"column":1}},"8":{"start":{"line":25,"column":2},"end":{"line":25,"column":24}},"9":{"start":{"line":27,"column":2},"end":{"line":63,"column":5}},"10":{"start":{"line":28,"column":4},"end":{"line":28,"column":37}},"11":{"start":{"line":29,"column":4},"end":{"line":29,"column":28}},"12":{"start":{"line":31,"column":4},"end":{"line":33,"column":5}},"13":{"start":{"line":32,"column":6},"end":{"line":32,"column":42}},"14":{"start":{"line":34,"column":4},"end":{"line":42,"column":5}},"15":{"start":{"line":35,"column":6},"end":{"line":35,"column":23}},"16":{"start":{"line":36,"column":6},"end":{"line":38,"column":9}},"17":{"start":{"line":37,"column":8},"end":{"line":37,"column":48}},"18":{"start":{"line":39,"column":6},"end":{"line":41,"column":7}},"19":{"start":{"line":40,"column":8},"end":{"line":40,"column":53}},"20":{"start":{"line":43,"column":4},"end":{"line":45,"column":5}},"21":{"start":{"line":44,"column":6},"end":{"line":44,"column":68}},"22":{"start":{"line":46,"column":4},"end":{"line":48,"column":5}},"23":{"start":{"line":47,"column":6},"end":{"line":47,"column":68}},"24":{"start":{"line":49,"column":4},"end":{"line":51,"column":5}},"25":{"start":{"line":50,"column":6},"end":{"line":50,"column":45}},"26":{"start":{"line":52,"column":4},"end":{"line":61,"column":5}},"27":{"start":{"line":53,"column":6},"end":{"line":53,"column":24}},"28":{"start":{"line":54,"column":6},"end":{"line":59,"column":9}},"29":{"start":{"line":55,"column":8},"end":{"line":57,"column":9}},"30":{"start":{"line":56,"column":10},"end":{"line":56,"column":50}},"31":{"start":{"line":58,"column":8},"end":{"line":58,"column":19}},"32":{"start":{"line":60,"column":6},"end":{"line":60,"column":65}},"33":{"start":{"line":62,"column":4},"end":{"line":62,"column":36}},"34":{"start":{"line":65,"column":2},"end":{"line":65,"column":20}},"35":{"start":{"line":68,"column":0},"end":{"line":68,"column":26}}},"branchMap":{"1":{"line":31,"type":"if","locations":[{"start":{"line":31,"column":4},"end":{"line":31,"column":4}},{"start":{"line":31,"column":4},"end":{"line":31,"column":4}}]},"2":{"line":34,"type":"if","locations":[{"start":{"line":34,"column":4},"end":{"line":34,"column":4}},{"start":{"line":34,"column":4},"end":{"line":34,"column":4}}]},"3":{"line":39,"type":"if","locations":[{"start":{"line":39,"column":6},"end":{"line":39,"column":6}},{"start":{"line":39,"column":6},"end":{"line":39,"column":6}}]},"4":{"line":43,"type":"if","locations":[{"start":{"line":43,"column":4},"end":{"line":43,"column":4}},{"start":{"line":43,"column":4},"end":{"line":43,"column":4}}]},"5":{"line":46,"type":"if","locations":[{"start":{"line":46,"column":4},"end":{"line":46,"column":4}},{"start":{"line":46,"column":4},"end":{"line":46,"column":4}}]},"6":{"line":49,"type":"if","locations":[{"start":{"line":49,"column":4},"end":{"line":49,"column":4}},{"start":{"line":49,"column":4},"end":{"line":49,"column":4}}]},"7":{"line":52,"type":"if","locations":[{"start":{"line":52,"column":4},"end":{"line":52,"column":4}},{"start":{"line":52,"column":4},"end":{"line":52,"column":4}}]},"8":{"line":55,"type":"if","locations":[{"start":{"line":55,"column":8},"end":{"line":55,"column":8}},{"start":{"line":55,"column":8},"end":{"line":55,"column":8}}]},"9":{"line":60,"type":"cond-expr","locations":[{"start":{"line":60,"column":40},"end":{"line":60,"column":45}},{"start":{"line":60,"column":48},"end":{"line":60,"column":64}}]}},"code":["const moment = require('moment');","const numeral = require('numeral');","const aliases = require('../assets/aliases.json');","","const KEY_BYTE = [","  'size',","  'gzippedSize',","  'dataUriSize'","];","const KEY_PERCENT = [","  'simplicity',","  'ratioOfDataUriSize'","];","const KEY_NUMBER = [","  'averageOfCohesion',","  'averageOfIdentifier'","];","","/**"," * Prettify StyleStats data."," * @param {object} [result] StyleStats parse data. Required."," * @return {object} prettified data."," */","function prettify(result) {","  const collection = {};","","  Object.keys(result).forEach(key => {","    const readableKey = aliases[key];","    let value = result[key];","","    if (key === 'published') {","      value = moment(value).format('LLL');","    }","    if (key === 'propertiesCount') {","      const array = [];","      value.forEach(item => {","        array.push([item.property, item.count]);","      });","      if (array.length !== 0) {","        value = array.join('\\n').replace(/,/g, ': ');","      }","    }","    if (KEY_BYTE.indexOf(key) !== -1) {","      value = numeral(value).format('0.0b').replace(/^0\\.0B$/, '0');","    }","    if (KEY_PERCENT.indexOf(key) !== -1) {","      value = numeral(value).format('0.0%').replace(/^0\\.0%$/, '0');","    }","    if (KEY_NUMBER.indexOf(key) !== -1) {","      value = numeral(value).format('0.000');","    }","    if (Array.isArray(value)) {","      const maxLen = 64;","      value = value.map(val => {","        if (val.length > maxLen) {","          return `${val.substring(0, maxLen)}...`;","        }","        return val;","      });","      value = value.join('\\n') === '' ? 'N/A' : value.join('\\n');","    }","    collection[readableKey] = value;","  });","","  return collection;","}","","module.exports = prettify;",""],"l":{"1":1,"2":1,"3":1,"5":1,"10":1,"14":1,"24":1,"25":0,"27":0,"28":0,"29":0,"31":0,"32":0,"34":0,"35":0,"36":0,"37":0,"39":0,"40":0,"43":0,"44":0,"46":0,"47":0,"49":0,"50":0,"52":0,"53":0,"54":0,"55":0,"56":0,"58":0,"60":0,"62":0,"65":0,"68":1}},"/home/travis/build/npmtest/node-npmtest-stylestats/node_modules/stylestats/lib/parser.js":{"path":"/home/travis/build/npmtest/node-npmtest-stylestats/node_modules/stylestats/lib/parser.js","s":{"1":1,"2":1,"3":1,"4":1,"5":1,"6":1,"7":1,"8":1,"9":0,"10":0,"11":0,"12":0,"13":0,"14":0,"15":0,"16":0,"17":0,"18":0,"19":0,"20":0,"21":0,"22":0,"23":0,"24":0,"25":0,"26":0,"27":0,"28":0,"29":0,"30":0,"31":0,"32":0,"33":0,"34":0,"35":0,"36":0,"37":0,"38":0,"39":0,"40":0,"41":0,"42":0,"43":0,"44":0,"45":0,"46":0,"47":0,"48":0,"49":0,"50":0,"51":0,"52":0,"53":0,"54":0,"55":0,"56":0,"57":0,"58":0,"59":0,"60":0,"61":0,"62":0,"63":0,"64":0,"65":0,"66":0,"67":0,"68":0,"69":0,"70":0,"71":0,"72":0,"73":0,"74":0,"75":0,"76":0,"77":0,"78":0,"79":0,"80":0,"81":0,"82":0,"83":0,"84":0,"85":0,"86":0,"87":0,"88":0,"89":0,"90":0,"91":0,"92":0,"93":0,"94":1},"b":{"1":[0,0],"2":[0,0],"3":[0,0],"4":[0,0],"5":[0,0],"6":[0,0,0],"7":[0,0],"8":[0,0],"9":[0,0],"10":[0,0],"11":[0,0],"12":[0,0],"13":[0,0],"14":[0,0],"15":[0,0],"16":[0,0]},"f":{"1":0,"2":0,"3":0,"4":0,"5":0,"6":0},"fnMap":{"1":{"name":"requestPromise","line":14,"loc":{"start":{"line":14,"column":0},"end":{"line":14,"column":33}}},"2":{"name":"(anonymous_2)","line":34,"loc":{"start":{"line":34,"column":13},"end":{"line":34,"column":44}}},"3":{"name":"(anonymous_3)","line":42,"loc":{"start":{"line":42,"column":23},"end":{"line":42,"column":39}}},"4":{"name":"(anonymous_4)","line":58,"loc":{"start":{"line":58,"column":7},"end":{"line":58,"column":10}}},"5":{"name":"(anonymous_5)","line":118,"loc":{"start":{"line":118,"column":25},"end":{"line":118,"column":37}}},"6":{"name":"(anonymous_6)","line":127,"loc":{"start":{"line":127,"column":26},"end":{"line":127,"column":38}}}},"statementMap":{"1":{"start":{"line":1,"column":0},"end":{"line":1,"column":25}},"2":{"start":{"line":2,"column":0},"end":{"line":2,"column":27}},"3":{"start":{"line":3,"column":0},"end":{"line":3,"column":29}},"4":{"start":{"line":4,"column":0},"end":{"line":4,"column":27}},"5":{"start":{"line":5,"column":0},"end":{"line":5,"column":35}},"6":{"start":{"line":6,"column":0},"end":{"line":6,"column":35}},"7":{"start":{"line":7,"column":0},"end":{"line":7,"column":31}},"8":{"start":{"line":14,"column":0},"end":{"line":26,"column":1}},"9":{"start":{"line":15,"column":2},"end":{"line":25,"column":5}},"10":{"start":{"line":16,"column":4},"end":{"line":24,"column":7}},"11":{"start":{"line":17,"column":6},"end":{"line":23,"column":7}},"12":{"start":{"line":18,"column":8},"end":{"line":18,"column":26}},"13":{"start":{"line":19,"column":13},"end":{"line":23,"column":7}},"14":{"start":{"line":20,"column":8},"end":{"line":20,"column":22}},"15":{"start":{"line":22,"column":8},"end":{"line":22,"column":67}},"16":{"start":{"line":35,"column":4},"end":{"line":35,"column":21}},"17":{"start":{"line":36,"column":4},"end":{"line":36,"column":23}},"18":{"start":{"line":37,"column":4},"end":{"line":37,"column":25}},"19":{"start":{"line":38,"column":4},"end":{"line":38,"column":27}},"20":{"start":{"line":40,"column":4},"end":{"line":40,"column":23}},"21":{"start":{"line":42,"column":4},"end":{"line":51,"column":13}},"22":{"start":{"line":43,"column":6},"end":{"line":43,"column":41}},"23":{"start":{"line":44,"column":6},"end":{"line":50,"column":7}},"24":{"start":{"line":46,"column":10},"end":{"line":46,"column":35}},"25":{"start":{"line":47,"column":10},"end":{"line":47,"column":16}},"26":{"start":{"line":49,"column":10},"end":{"line":49,"column":16}},"27":{"start":{"line":60,"column":4},"end":{"line":69,"column":6}},"28":{"start":{"line":71,"column":4},"end":{"line":71,"column":22}},"29":{"start":{"line":74,"column":4},"end":{"line":74,"column":31}},"30":{"start":{"line":75,"column":4},"end":{"line":80,"column":7}},"31":{"start":{"line":76,"column":6},"end":{"line":76,"column":50}},"32":{"start":{"line":77,"column":6},"end":{"line":77,"column":24}},"33":{"start":{"line":78,"column":6},"end":{"line":78,"column":26}},"34":{"start":{"line":79,"column":6},"end":{"line":79,"column":52}},"35":{"start":{"line":84,"column":4},"end":{"line":89,"column":7}},"36":{"start":{"line":86,"column":6},"end":{"line":88,"column":10}},"37":{"start":{"line":91,"column":4},"end":{"line":195,"column":7}},"38":{"start":{"line":93,"column":6},"end":{"line":194,"column":39}},"39":{"start":{"line":94,"column":8},"end":{"line":96,"column":9}},"40":{"start":{"line":95,"column":10},"end":{"line":95,"column":49}},"41":{"start":{"line":99,"column":8},"end":{"line":99,"column":40}},"42":{"start":{"line":101,"column":8},"end":{"line":137,"column":11}},"43":{"start":{"line":102,"column":10},"end":{"line":136,"column":11}},"44":{"start":{"line":103,"column":12},"end":{"line":103,"column":37}},"45":{"start":{"line":106,"column":12},"end":{"line":106,"column":56}},"46":{"start":{"line":107,"column":12},"end":{"line":135,"column":13}},"47":{"start":{"line":109,"column":14},"end":{"line":109,"column":50}},"48":{"start":{"line":110,"column":14},"end":{"line":110,"column":54}},"49":{"start":{"line":111,"column":14},"end":{"line":111,"column":40}},"50":{"start":{"line":114,"column":14},"end":{"line":114,"column":50}},"51":{"start":{"line":115,"column":14},"end":{"line":115,"column":56}},"52":{"start":{"line":118,"column":14},"end":{"line":124,"column":17}},"53":{"start":{"line":119,"column":16},"end":{"line":119,"column":58}},"54":{"start":{"line":120,"column":16},"end":{"line":120,"column":84}},"55":{"start":{"line":121,"column":16},"end":{"line":121,"column":60}},"56":{"start":{"line":122,"column":16},"end":{"line":122,"column":43}},"57":{"start":{"line":123,"column":16},"end":{"line":123,"column":67}},"58":{"start":{"line":127,"column":14},"end":{"line":129,"column":17}},"59":{"start":{"line":128,"column":16},"end":{"line":128,"column":49}},"60":{"start":{"line":130,"column":19},"end":{"line":135,"column":13}},"61":{"start":{"line":131,"column":14},"end":{"line":131,"column":66}},"62":{"start":{"line":133,"column":14},"end":{"line":133,"column":39}},"63":{"start":{"line":134,"column":14},"end":{"line":134,"column":44}},"64":{"start":{"line":139,"column":8},"end":{"line":141,"column":9}},"65":{"start":{"line":140,"column":10},"end":{"line":140,"column":51}},"66":{"start":{"line":142,"column":8},"end":{"line":142,"column":20}},"67":{"start":{"line":144,"column":8},"end":{"line":148,"column":9}},"68":{"start":{"line":145,"column":10},"end":{"line":147,"column":13}},"69":{"start":{"line":146,"column":12},"end":{"line":146,"column":42}},"70":{"start":{"line":151,"column":8},"end":{"line":151,"column":52}},"71":{"start":{"line":152,"column":8},"end":{"line":152,"column":77}},"72":{"start":{"line":155,"column":8},"end":{"line":155,"column":26}},"73":{"start":{"line":157,"column":8},"end":{"line":161,"column":9}},"74":{"start":{"line":158,"column":10},"end":{"line":158,"column":70}},"75":{"start":{"line":160,"column":10},"end":{"line":160,"column":33}},"76":{"start":{"line":164,"column":8},"end":{"line":166,"column":9}},"77":{"start":{"line":165,"column":10},"end":{"line":165,"column":48}},"78":{"start":{"line":169,"column":8},"end":{"line":180,"column":11}},"79":{"start":{"line":170,"column":10},"end":{"line":179,"column":11}},"80":{"start":{"line":171,"column":12},"end":{"line":171,"column":40}},"81":{"start":{"line":172,"column":17},"end":{"line":179,"column":11}},"82":{"start":{"line":173,"column":12},"end":{"line":173,"column":41}},"83":{"start":{"line":174,"column":12},"end":{"line":178,"column":15}},"84":{"start":{"line":175,"column":14},"end":{"line":177,"column":15}},"85":{"start":{"line":176,"column":16},"end":{"line":176,"column":44}},"86":{"start":{"line":183,"column":8},"end":{"line":192,"column":11}},"87":{"start":{"line":184,"column":10},"end":{"line":186,"column":13}},"88":{"start":{"line":185,"column":12},"end":{"line":185,"column":48}},"89":{"start":{"line":187,"column":10},"end":{"line":191,"column":13}},"90":{"start":{"line":188,"column":12},"end":{"line":190,"column":13}},"91":{"start":{"line":189,"column":14},"end":{"line":189,"column":56}},"92":{"start":{"line":193,"column":8},"end":{"line":193,"column":28}},"93":{"start":{"line":194,"column":24},"end":{"line":194,"column":37}},"94":{"start":{"line":199,"column":0},"end":{"line":199,"column":24}}},"branchMap":{"1":{"line":17,"type":"if","locations":[{"start":{"line":17,"column":6},"end":{"line":17,"column":6}},{"start":{"line":17,"column":6},"end":{"line":17,"column":6}}]},"2":{"line":17,"type":"binary-expr","locations":[{"start":{"line":17,"column":10},"end":{"line":17,"column":16}},{"start":{"line":17,"column":20},"end":{"line":17,"column":47}}]},"3":{"line":19,"type":"if","locations":[{"start":{"line":19,"column":13},"end":{"line":19,"column":13}},{"start":{"line":19,"column":13},"end":{"line":19,"column":13}}]},"4":{"line":44,"type":"switch","locations":[{"start":{"line":45,"column":8},"end":{"line":47,"column":16}},{"start":{"line":48,"column":8},"end":{"line":49,"column":16}}]},"5":{"line":94,"type":"if","locations":[{"start":{"line":94,"column":8},"end":{"line":94,"column":8}},{"start":{"line":94,"column":8},"end":{"line":94,"column":8}}]},"6":{"line":94,"type":"binary-expr","locations":[{"start":{"line":94,"column":12},"end":{"line":94,"column":32}},{"start":{"line":94,"column":36},"end":{"line":94,"column":57}},{"start":{"line":94,"column":61},"end":{"line":94,"column":83}}]},"7":{"line":102,"type":"if","locations":[{"start":{"line":102,"column":10},"end":{"line":102,"column":10}},{"start":{"line":102,"column":10},"end":{"line":102,"column":10}}]},"8":{"line":107,"type":
[...]
","   * Analyze rules","   * @returns {","   *   {Number} totalCssDeclarations,","   *   {Array} cssDeclarations","   * }","   */","  analyzeRules() {","    // Object to return","    const result = {","      totalCssDeclarations: 0,","      cssDeclarations: []","    };","","    // Analyze rules","    this.rules.forEach(rule => {","      if (Array.isArray(rule.declarations)) {","        result.cssDeclarations.push({","          selector: rule.selectors,","          count: rule.declarations.length","        });","      }","    });","","    // Sort by css declaration count","    result.cssDeclarations.sort((a, b) => {","      return b.count - a.count;","    });","    result.cssDeclarations.forEach(obj => {","      result.totalCssDeclarations += obj.count;","    });","","    return result;","  }","","  /**","   * Analyze selectors","   * @returns {","   *   {Number} idSelectors,","   *   {Number} universalSelectors,","   *   {Number} unqualifiedAttributeSelectors,","   *   {Number} javascriptSpecificSelectors,","   *   {Number} totalIdentifiers,","   *   {Array} identifiers","   * }","   */","  analyzeSelectors() {","    // Object to return","    const result = {","      idSelectors: 0,","      universalSelectors: 0,","      unqualifiedAttributeSelectors: 0,","      javascriptSpecificSelectors: 0,","      userSpecifiedSelectors: 0,","      totalIdentifiers: 0,","      identifiers: []","    };","","    // Specified JavaScript hook selector","    const regexpJs = new RegExp(this.options.javascriptSpecificSelectors);","    // Specified user-specified hook selector","    const regexpUser = new RegExp(this.options.userSpecifiedSelectors);","","    // Analyze selectors","    this.selectors.forEach(selector => {","      // If it contains # and dose not contain # in attribute selector","      if (selector.indexOf('#') > -1) {","        const id = selector.replace(/\\[.+]/g, '');","        if (id.indexOf('#') > -1) {","          result.idSelectors += 1;","        }","      }","","      // If it contains * and dose not contain * in attribute selector","      if (selector.indexOf('*') > -1) {","        const universal = selector.replace(/\\[.+]/g, '');","        if (universal.indexOf('*') > -1) {","          result.universalSelectors += 1;","        }","      }","","      // If it is unqualified attribute selector","      if (selector.trim().match(/\\[.+]$/g)) {","        result.unqualifiedAttributeSelectors += 1;","      }","","      // If it is for JavaScript hook","      if (regexpJs.test(selector.trim())) {","        result.javascriptSpecificSelectors += 1;","      }","","      // If it is for user-specified hook","      if (regexpUser.test(selector.trim())) {","        result.userSpecifiedSelectors += 1;","      }","","      // Add selector for statistics","      let trimmedSelector = selector.replace(/\\s?([>|+|~])\\s?/g, '$1');","      trimmedSelector = trimmedSelector.replace(/\\s+/g, ' ');","      const count = trimmedSelector.split(/\\s|>|\\+|~|:|[\\w\\]]\\.|[\\w\\]]#|\\[/).length;","      result.identifiers.push({","        selector,","        count","      });","    });","    result.identifiers.forEach(obj => {","      result.totalIdentifiers += obj.count;","    });","","    // Sort by chained selector count","    result.identifiers.sort((a, b) => {","      return b.count - a.count;","    });","","    return result;","  }","","  /**","   * Analyze declarations","   * @returns {","   *   {String} dataUriSize,","   *   {Number} importantKeywords,","   *   {Number} floatProperties,","   *   {Array} uniqueFontSizes,","   *   {Array} uniqueFontFamilies","   *   {Array} uniqueColors,","   *   {Object} properties","   * }","   */","  analyzeDeclarations() {","    // Object to return","    const result = {","      dataUriSize: '',","      importantKeywords: 0,","      floatProperties: 0,","      uniqueFontSizes: [],","      uniqueFontFamilies: [],","      uniqueColors: [],","      uniqueBackgroundImages: [],","      properties: {}","    };","","    // Analyze declarations","    this.declarations.forEach(declaration => {","      // If it contains DataURI","      if (declaration.value.indexOf('data:image') > -1) {","        result.dataUriSize += declaration.value.match(/data:image\\/[A-Za-z0-9;,+=/]+/);","      }","","      // If it contains !important keyword","      if (declaration.value.indexOf('!important') > -1) {","        result.importantKeywords += 1;","      }","","      // If it contains float","      if (declaration.property.indexOf('float') > -1) {","        result.floatProperties += 1;","      }","","      // If it contains font-family","      if (declaration.property.indexOf('font-family') > -1) {","        result.uniqueFontFamilies.push(declaration.value.replace(/(!important)/g, '').trim());","      }","","      // If it contains font-size","      if (declaration.property.indexOf('font-size') > -1) {","        result.uniqueFontSizes.push(declaration.value.replace(/!important/, '').trim());","      }","","      // If it contains colors","      if (declaration.property.match(/^color$/)) {","        let color = declaration.value.replace(/!important/, '');","        color = color.toUpperCase().trim();","        result.uniqueColors.push(color);","      }","","      // If it contains background-image url()","      if (declaration.property.indexOf('background') > -1 && declaration.value.indexOf('url') > -1) {","        const paths = declaration.value.match(/url\\(([^)]+)\\)/g);","        if (paths) {","          paths.forEach(path => {","            result.uniqueBackgroundImages.push(path.replace(/^url|[()'\"]/g, ''));","          });","        }","      }","","      // Property statistics","      if (result.properties[declaration.property]) {","        result.properties[declaration.property] += 1;","      } else {","        result.properties[declaration.property] = 1;","      }","    });","","    // Return byte size.","    result.dataUriSize = Buffer.byteLength(result.dataUriSize, 'utf8');","","    // Sort `font-family` property.","    result.uniqueFontFamilies = result.uniqueFontFamilies.filter((fontFamily, index, array) => {","      return array.indexOf(fontFamily) === index;","    }).sort();","","    // Sort `font-size` property.","    result.uniqueFontSizes = result.uniqueFontSizes.filter((fontSize, index, array) => {","      return array.indexOf(fontSize) === index;","    }).sort((a, b) => {","      return Number(a.replace(/[^0-9.]/g, '')) - Number(b.replace(/[^0-9.]/g, ''));","    });","    // Categorize per unit and concat","    const uniqueFontSizes = {};","    result.uniqueFontSizes.forEach(value => {","      const unit = value.replace(/[0-9.]/g, '');","      if (!uniqueFontSizes[unit]) {","        uniqueFontSizes[unit] = [];","      }","      uniqueFontSizes[unit].push(value);","    });","    result.uniqueFontSizes = [];","    Object.keys(uniqueFontSizes).forEach(key => {","      uniqueFontSizes[key].forEach(value => {","        result.uniqueFontSizes.push(value);","      });","    });","","    // Sort `color` property.","    const trimmedColors = result.uniqueColors.filter(uniqueColor => {","      return uniqueColor !== 'TRANSPARENT' && uniqueColor !== 'INHERIT';","    });","","    const formattedColors = trimmedColors.map(color => {","      let formattedColor = color;","      if (/^#([0-9A-F]){3}$/.test(formattedColor)) {","        formattedColor = color.replace(/^#(\\w)(\\w)(\\w)$/, '#$1$1$2$2$3$3');","      }","      return formattedColor;","    });","    result.uniqueColors = formattedColors.filter((formattedColor, index, array) => {","      return array.indexOf(formattedColor) === index;","    }).sort();","","    // If it contains background-image url()","    result.uniqueBackgroundImages = result.uniqueBackgroundImages.filter((backgroundImage, index, array) => {","      return array.indexOf(backgroundImage) === index;","    }).sort();","","    // Sort properties count.","    const propertiesCount = [];","    Object.keys(result.properties).forEach(key => {","      propertiesCount.push({","        property: key,","        count: result.properties[key]","      });","    });","","    // Sort by property count","    result.properties = propertiesCount.sort((a, b) => {","      return b.count - a.count;","    });","","    return result;","  }","","  /**","   * Analyze css from rules, selectors, declarations","   * @returns {","   *   {Number} stylesheets,","   *   {Number} size,","   *   {Number} dataUriSize,","   *   {Number} ratioOfDataUriSize,","   *   {Number} gzippedSize,","   *   {Number} rules,","   *   {Number} selectors,","   *   {Float}  simplicity,","   *   {Number} averageOfIdentifier,","   *   {Number} mostIdentifier,","   *   {String} mostIdentifierSelector,","   *   {Number} averageOfCohesion,","   *   {Number} lowestCohesion,","   *   {Number} lowestCohesionSelector,","   *   {Number} totalUniqueFontSizes,","   *   {String} uniqueFontSizes,","   *   {Number} totalUniqueFontFamilies,","   *   {String} uniqueFontSizes,","   *   {Number} totalUniqueColors,","   *   {String} uniqueColors,","   *   {Number} totalUniqueFontFamilies","   *   {String} uniqueFontFamilies,","   *   {Number} totalUniqueBackgroundImages","   *   {String} uniqueBackgroundImages,","   *   {Number} idSelectors,","   *   {Number} universalSelectors,","   *   {Number} unqualifiedAttributeSelectors,","   *   {Number} javascriptSpecificSelectors,","   *   {Number} importantKeywords,","   *   {Number} floatProperties,","   *   {Number} propertiesCount","   * }","   */","  analyze() {","    // Get analytics","    const ruleAnalysis = this.analyzeRules();","    const selectorAnalysis = this.analyzeSelectors();","    const declarationAnalysis = this.analyzeDeclarations();","","    const analysis = {};","    if (this.options.size) {","      analysis.size = this.cssSize;","    }","    if (this.options.dataUriSize) {","      analysis.dataUriSize = declarationAnalysis.dataUriSize;","    }","    if (this.options.dataUriSize) {","      analysis.ratioOfDataUriSize = declarationAnalysis.dataUriSize / this.cssSize;","    }","    if (this.options.gzippedSize) {","      analysis.gzippedSize = gzipSize.sync(this.cssString);","    }","    if (this.options.rules) {","      analysis.rules = this.rules.length;","    }","    if (this.options.selectors) {","      analysis.selectors = this.selectors.length;","    }","    if (this.options.declarations) {","      analysis.declarations = this.declarations.length;","    }","    if (this.options.simplicity) {","      const simplicity = analysis.rules / this.selectors.length;","      analysis.simplicity = isNaN(simplicity) ? 0 : simplicity;","    }","    if (this.selectors.length > 0 && this.options.averageOfIdentifier) {","      analysis.averageOfIdentifier = selectorAnalysis.totalIdentifiers / this.selectors.length;","    }","    // Most Identifier","    const mostIdentifier = selectorAnalysis.identifiers.shift();","    if (mostIdentifier && this.options.mostIdentifier) {","      analysis.mostIdentifier = mostIdentifier.count;","    }","    if (mostIdentifier && this.options.mostIdentifierSelector) {","      analysis.mostIdentifierSelector = mostIdentifier.selector;","    }","    if (this.rules.length > 0 && this.options.averageOfCohesion) {","      analysis.averageOfCohesion = ruleAnalysis.totalCssDeclarations / this.rules.length;","    }","    const lowestDefinition = ruleAnalysis.cssDeclarations.shift();","    if (lowestDefinition && this.options.lowestCohesion) {","      analysis.lowestCohesion = lowestDefinition.count;","    }","    if (lowestDefinition && this.options.lowestCohesionSelector) {","      analysis.lowestCohesionSelector = lowestDefinition.selector;","    }","    if (this.options.totalUniqueFontSizes) {","      analysis.totalUniqueFontSizes = declarationAnalysis.uniqueFontSizes.length;","    }","    if (this.options.uniqueFontSizes) {","      analysis.uniqueFontSizes = declarationAnalysis.uniqueFontSizes;","    }","    if (this.options.totalUniqueFontFamilies) {","      analysis.totalUniqueFontFamilies = declarationAnalysis.uniqueFontFamilies.length;","    }","    if (this.options.uniqueFontFamilies) {","      analysis.uniqueFontFamilies = declarationAnalysis.uniqueFontFamilies;","    }","    if (this.options.totalUniqueColors) {","      analysis.totalUniqueColors = declarationAnalysis.uniqueColors.length;","    }","    if (this.options.uniqueColors) {","      analysis.uniqueColors = declarationAnalysis.uniqueColors;","    }","    if (this.options.totalUniqueBackgroundImages) {","      analysis.totalUniqueBackgroundImages = declarationAnalysis.uniqueBackgroundImages.length;","    }","    if (this.options.uniqueBackgroundImages) {","      analysis.uniqueBackgroundImages = declarationAnalysis.uniqueBackgroundImages;","    }","    if (this.options.idSelectors) {","      analysis.idSelectors = selectorAnalysis.idSelectors;","    }","    if (this.options.universalSelectors) {","      analysis.universalSelectors = selectorAnalysis.universalSelectors;","    }","    if (this.options.unqualifiedAttributeSelectors) {","      analysis.unqualifiedAttributeSelectors = selectorAnalysis.unqualifiedAttributeSelectors;","    }","    if (this.options.javascriptSpecificSelectors) {","      analysis.javascriptSpecificSelectors = selectorAnalysis.javascriptSpecificSelectors;","    }","    if (this.options.userSpecifiedSelectors) {","      analysis.userSpecifiedSelectors = selectorAnalysis.userSpecifiedSelectors;","    }","    if (this.options.importantKeywords) {","      analysis.importantKeywords = declarationAnalysis.importantKeywords;","    }","    if (this.options.floatProperties) {","      analysis.floatProperties = declarationAnalysis.floatProperties;","    }","    if (this.options.propertiesCount) {","      analysis.propertiesCount = declarationAnalysis.properties.slice(0, this.options.propertiesCount);","    }","    return analysis;","  }","}","","module.exports = Analyzer;",""],"l":{"1":1,"15":0,"19":0,"23":0,"26":0,"29":0,"32":0,"44":0,"50":0,"51":0,"52":0,"60":0,"61":0,"63":0,"64":0,"67":0,"83":0,"94":0,"96":0,"99":0,"101":0,"102":0,"103":0,"104":0,"109":0,"110":0,"111":0,"112":0,"117":0,"118":0,"122":0,"123":0,"127":0,"128":0,"132":0,"133":0,"134":0,"135":0,"140":0,"141":0,"145":0,"146":0,"149":0,"166":0,"178":0,"180":0,"181":0,"185":0,"186":0,"190":0,"191":0,"195":0,"196":0,"200":0,"201":0,"205":0,"206":0,"207":0,"208":0,"212":0,"213":0,"214":0,"215":0,"216":0,"222":0,"223":0,"225":0,"230":0,"233":0,"234":0,"238":0,"239":0,"241":0,"244":0,"245":0,"246":0,"247":0,"248":0,"250":0,"252":0,"253":0,"254":0,"255":0,"260":0,"261":0,"264":0,"265":0,"266":0,"267":0,"269":0,"271":0,"272":0,"276":0,"277":0,"281":0,"282":0,"283":0,"290":0,"291":0,"294":0,"335":0,"336":0,"337":0,"339":0,"340":0,"341":0,"343":0,"344":0,"346":0,"347":0,"349":0,"350":0,"352":0,"353":0,"355":0,"356":0,"358":0,"359":0,"361":0,"362":0,"363":0,"365":0,"366":0,"369":0,"370":0,"371":0,"373":0,"374":0,"376":0,"377":0,"379":0,"380":0,"381":0,"383":0,"384":0,"386":0,"387":0,"389":0,"390":0,"392":0,"393":0,"395":0,"396":0,"398":0,"399":0,"401":0,"402":0,"404":0,"405":0,"407":0,"408":0,"410":0,"411":0,"413":0,"414":0,"416":0,"417":0,"419":0,"420":0,"422":0,"423":0,"425":0,"426":0,"428":0,"429":0,"431":0,"432":0,"434":0,"438":1}},"/home/travis/build/npmtest/node-npmtest-stylestats/node_modules/stylestats/lib/format.js":{"path":"/home/travis/build/npmtest/node-npmtest-stylestats/node_modules/stylestats/lib/format.js","s":{"1":1,"2":1,"3":0,"4":0,"5":0,"6":0,"7":0,"8":0,"9":0,"10":0,"11":0,"12":0,"13":0,"14":0,"15":0,"16":0,"17":0,"18":0,"19":0,"20":0,"21":0,"22":0,"23":0,"24":0,"25":0,"26":0,"27":1},"b":{"1":[0,0],"2":[0,0],"3":[0,0]},"f":{"1":0,"2":0,"3":0,"4":0},"fnMap":{"1":{"name":"(anonymous_1)","line":5,"loc":{"start":{"line":5,"column":13},"end":{"line":5,"column":22}}},"2":{"name":"(anonymous_2)","line":9,"loc":{"start":{"line":9,"column":8},"end":{"line":9,"column":11}}},"3":{"name":"(anonymous_3)","line":13,"loc":{"start":{"line":13,"column":7},"end":{"line":13,"column":10}}},"4":{"name":"(anonymous_4)","line":38,"loc":{"start":{"line":38,"column":9},"end":{"line":38,"column":12}}}},"statementMap":{"1":{"start":{"line":1,"column":0},"end":{"line":1,"column":35}},"2":{"start":{"line":2,"column":0},"end":{"line":2,"column":37}},"3":{"start":{"line":6,"column":4},"end":{"line":6,"column":25}},"4":{"start":{"line":10,"column":4},"end":{"line":10,"column":48}},"5":{"start":{"line":14,"column":4},"end":{"line":14,"column":29}},"6":{"start":{"line":15,"column":4},"end":{"line":26,"column":7}},"7":{"start":{"line":16,"column":6},"end":{"line":22,"column":7}},"8":{"start":{"line":17,"column":8},"end":{"line":17,"column":25}},"9":{"start":{"line":18,"column":8},"end":{"line":20,"column":11}},"10":{"start":{"line":19,"column":10},"end":{"line":19,"column":57}},"11":{"start":{"line":21,"column":8},"end":{"line":21,"column":26}},"12":{"start":{"line":23,"column":6},"end":{"line":25,"column":7}},"13":{"start":{"line":24,"column":8},"end":{"line":24,"column":40}},"14":{"start":{"line":27,"column":4},"end":{"line":35,"column":7}},"15":{"start":{"line":28,"column":6},"end":{"line":34,"column":9}},"16":{"start":{"line":29,"column":8},"end":{"line":32,"column":9}},"17":{"start":{"line":30,"column":10},"end":{"line":30,"column":24}},"18":{"start":{"line":31,"column":10},"end":{"line":31,"column":17}},"19":{"start":{"line":33,"column":8},"end":{"line":33,"column":21}},"20":{"start":{"line":39,"column":4},"end":{"line":44,"column":7}},"21":{"start":{"line":45,"column":4},"end":{"line":45,"column":29}},"22":{"start":{"line":46,"column":4},"end":{"line":50,"column":7}},"23":{"start":{"line":47,"column":6},"end":{"line":47,"column":21}},"24":{"start":{"line":48,"column":6},"end":{"line":48,"column":27}},"25":{"start":{"line":49,"column":6},"end":{"line":49,"column":22}},"26":{"start":{"line":51,"column":4},"end":{"line":51,"column":28}},"27":{"start":{"line":55,"column":0},"end":{"line":55,"column":24}}},"branchMap":{"1":{"line":16,"type":"if","locations":[{"start":{"line":16,"column":6},"end":{"line":16,"column":6}},{"start":{"line":16,"column":6},"end":{"line":16,"column":6}}]},"2":{"line":23,"type":"if","locations":[{"start":{"line":23,"column":6},"end":{"line":23,"column":6}},{"start":{"line":23,"column":6},"end":{"line":23,"column":6}}]},"3":{"line":29,"type":"if","locations":[{"start":{"line":29,"column":8},"end":{"line":29,"column":8}},{"start":{"line":29,"column":8},"end":{"line":29,"column":8}}]}},"code":["const Table = require('cli-table');","const json2csv = require('json2csv');","","class Format {","  constructor(result) {","    this.result = result;","  }","","  toJSON() {","    return JSON.stringify(this.result, null, 2);","  }","","  toCSV() {","    const data = this.result;","    Object.keys(data).forEach(key => {","      if (key === 'propertiesCount') {","        const array = [];","        data[key].forEach(item => {","          array.push([`${item.property}:${item.count}`]);","        });","        data[key] = array;","      }","      if (Array.isArray(data[key])) {","        data[key] = data[key].join(' ');","      }","    });","    return new Promise((resolve, reject) => {","      json2csv({data, fields: Object.keys(data)}, (error, csv) => {","        if (error) {","          reject(error);","          return;","        }","        resolve(csv);","      });","    });","  }","","  toTable() {","    const table = new Table({","      style: {","        head: ['cyan'],","        compact: false","      }","    });","    const data = this.result;","    Object.keys(data).forEach(key => {","      const row = {};","      row[key] = data[key];","      table.push(row);","    });","    return table.toString();","  }","}","","module.exports = Format;",""],"l":{"1":1,"2":1,"6":0,"10":0,"14":0,"15":0,"16":0,"17":0,"18":0,"19":0,"21":0,"23":0,"24":0,"27":0,"28":0,"29":0,"30":0,"31":0,"33":0,"39":0,"45":0,"46":0,"47":0,"48":0,"49":0,"51":0,"55":1}}}